<?xml version="1.0" encoding="UTF-8"?>
<testsuite xmlns:xsi="http://www.w3.org/2001/XMLSchema-instance" xsi:noNamespaceSchemaLocation="https://maven.apache.org/surefire/maven-surefire-plugin/xsd/surefire-test-report.xsd" version="3.0.2" name="com.david.hlp.Spring.repeater.mapper.RoleUrlMapperTest" time="8.295" tests="1" errors="0" skipped="0" failures="0">
  <properties>
[...]
</properties>
  <testcase name="testListAll" classname="com.david.hlp.Spring.repeater.mapper.RoleUrlMapperTest" time="0.606">
    <system-out><![CDATA[
  .   ____          _            __ _ _
 /\\ / ___'_ __ _ _(_)_ __  __ _ \ \ \ \
( ( )\___ | '_ | '_| | '_ \/ _` | \ \ \ \
 \\/  ___)| |_)| | | | | || (_| |  ) ) ) )
  '  |____| .__|_| |_|_| |_\__, | / / / /
 =========|_|==============|___/=/_/_/_/

 :: Spring Boot ::                (v3.4.4)

2025-03-22T16:18:29.849+08:00  INFO 75969 --- [Spring] [           main] c.d.h.S.r.mapper.RoleUrlMapperTest       : Starting RoleUrlMapperTest using Java 17.0.2 with PID 75969 (started by david in /home/david/Project/springcloud/spring)
2025-03-22T16:18:29.852+08:00  INFO 75969 --- [Spring] [           main] c.d.h.S.r.mapper.RoleUrlMapperTest       : No active profile set, falling back to 1 default profile: "default"
2025-03-22T16:18:29.853+08:00 DEBUG 75969 --- [Spring] [           main] o.s.boot.SpringApplication               : Loading source class com.david.hlp.Spring.SpringBootStarter
2025-03-22T16:18:29.891+08:00 DEBUG 75969 --- [Spring] [           main] o.s.w.c.s.GenericWebApplicationContext   : Refreshing org.springframework.web.context.support.GenericWebApplicationContext@29a23c3d
2025-03-22T16:18:29.905+08:00 DEBUG 75969 --- [Spring] [           main] o.s.b.f.s.DefaultListableBeanFactory     : Creating shared instance of singleton bean 'org.springframework.context.annotation.internalConfigurationAnnotationProcessor'
2025-03-22T16:18:29.917+08:00 DEBUG 75969 --- [Spring] [           main] o.s.b.f.s.DefaultListableBeanFactory     : Creating shared instance of singleton bean 'org.springframework.boot.autoconfigure.internalCachingMetadataReaderFactory'
2025-03-22T16:18:29.996+08:00 DEBUG 75969 --- [Spring] [           main] o.s.c.a.ClassPathBeanDefinitionScanner   : Identified candidate component class: file [/home/david/Project/springcloud/spring/target/classes/com/david/hlp/Spring/common/exception/GlobalExceptionHandler.class]
2025-03-22T16:18:30.002+08:00 DEBUG 75969 --- [Spring] [           main] o.s.c.a.ClassPathBeanDefinitionScanner   : Identified candidate component class: file [/home/david/Project/springcloud/spring/target/classes/com/david/hlp/Spring/repeater/config/RestTemplateConfig.class]
2025-03-22T16:18:30.033+08:00 DEBUG 75969 --- [Spring] [           main] o.s.c.a.ClassPathBeanDefinitionScanner   : Identified candidate component class: file [/home/david/Project/springcloud/spring/target/classes/com/david/hlp/Spring/repeater/controller/HostController.class]
2025-03-22T16:18:30.034+08:00 DEBUG 75969 --- [Spring] [           main] o.s.c.a.ClassPathBeanDefinitionScanner   : Identified candidate component class: file [/home/david/Project/springcloud/spring/target/classes/com/david/hlp/Spring/repeater/controller/PathUrlController.class]
2025-03-22T16:18:30.035+08:00 DEBUG 75969 --- [Spring] [           main] o.s.c.a.ClassPathBeanDefinitionScanner   : Identified candidate component class: file [/home/david/Project/springcloud/spring/target/classes/com/david/hlp/Spring/repeater/controller/PortController.class]
2025-03-22T16:18:30.036+08:00 DEBUG 75969 --- [Spring] [           main] o.s.c.a.ClassPathBeanDefinitionScanner   : Identified candidate component class: file [/home/david/Project/springcloud/spring/target/classes/com/david/hlp/Spring/repeater/controller/ProjectUrlController.class]
2025-03-22T16:18:30.037+08:00 DEBUG 75969 --- [Spring] [           main] o.s.c.a.ClassPathBeanDefinitionScanner   : Identified candidate component class: file [/home/david/Project/springcloud/spring/target/classes/com/david/hlp/Spring/repeater/controller/RepeaterController.class]
2025-03-22T16:18:30.038+08:00 DEBUG 75969 --- [Spring] [           main] o.s.c.a.ClassPathBeanDefinitionScanner   : Identified candidate component class: file [/home/david/Project/springcloud/spring/target/classes/com/david/hlp/Spring/repeater/controller/RouterUrlController.class]
2025-03-22T16:18:30.062+08:00 DEBUG 75969 --- [Spring] [           main] o.s.c.a.ClassPathBeanDefinitionScanner   : Identified candidate component class: file [/home/david/Project/springcloud/spring/target/classes/com/david/hlp/Spring/repeater/service/impl/HostServiceImpl.class]
2025-03-22T16:18:30.064+08:00 DEBUG 75969 --- [Spring] [           main] o.s.c.a.ClassPathBeanDefinitionScanner   : Identified candidate component class: file [/home/david/Project/springcloud/spring/target/classes/com/david/hlp/Spring/repeater/service/impl/PathUrlServiceImpl.class]
2025-03-22T16:18:30.065+08:00 DEBUG 75969 --- [Spring] [           main] o.s.c.a.ClassPathBeanDefinitionScanner   : Identified candidate component class: file [/home/david/Project/springcloud/spring/target/classes/com/david/hlp/Spring/repeater/service/impl/PortServiceImpl.class]
2025-03-22T16:18:30.065+08:00 DEBUG 75969 --- [Spring] [           main] o.s.c.a.ClassPathBeanDefinitionScanner   : Identified candidate component class: file [/home/david/Project/springcloud/spring/target/classes/com/david/hlp/Spring/repeater/service/impl/ProjectUrlServiceImpl.class]
2025-03-22T16:18:30.066+08:00 DEBUG 75969 --- [Spring] [           main] o.s.c.a.ClassPathBeanDefinitionScanner   : Identified candidate component class: file [/home/david/Project/springcloud/spring/target/classes/com/david/hlp/Spring/repeater/service/impl/RepeaterServiceImp$DirectRestTemplate.class]
2025-03-22T16:18:30.067+08:00 DEBUG 75969 --- [Spring] [           main] o.s.c.a.ClassPathBeanDefinitionScanner   : Identified candidate component class: file [/home/david/Project/springcloud/spring/target/classes/com/david/hlp/Spring/repeater/service/impl/RepeaterServiceImp.class]
2025-03-22T16:18:30.067+08:00 DEBUG 75969 --- [Spring] [           main] o.s.c.a.ClassPathBeanDefinitionScanner   : Identified candidate component class: file [/home/david/Project/springcloud/spring/target/classes/com/david/hlp/Spring/repeater/service/impl/RouterUrlServiceImpl.class]
2025-03-22T16:18:30.068+08:00 DEBUG 75969 --- [Spring] [           main] o.s.c.a.ClassPathBeanDefinitionScanner   : Identified candidate component class: file [/home/david/Project/springcloud/spring/target/classes/com/david/hlp/Spring/system/aspect/ValidationAspect.class]
2025-03-22T16:18:30.069+08:00 DEBUG 75969 --- [Spring] [           main] o.s.c.a.ClassPathBeanDefinitionScanner   : Identified candidate component class: file [/home/david/Project/springcloud/spring/target/classes/com/david/hlp/Spring/system/auth/ApplicationConfig.class]
2025-03-22T16:18:30.069+08:00 DEBUG 75969 --- [Spring] [           main] o.s.c.a.ClassPathBeanDefinitionScanner   : Identified candidate component class: file [/home/david/Project/springcloud/spring/target/classes/com/david/hlp/Spring/system/auth/JwtAuthenticationFilter.class]
2025-03-22T16:18:30.069+08:00 DEBUG 75969 --- [Spring] [           main] o.s.c.a.ClassPathBeanDefinitionScanner   : Identified candidate component class: file [/home/david/Project/springcloud/spring/target/classes/com/david/hlp/Spring/system/auth/JwtService.class]
2025-03-22T16:18:30.069+08:00 DEBUG 75969 --- [Spring] [           main] o.s.c.a.ClassPathBeanDefinitionScanner   : Identified candidate component class: file [/home/david/Project/springcloud/spring/target/classes/com/david/hlp/Spring/system/auth/LogoutService.class]
2025-03-22T16:18:30.072+08:00 DEBUG 75969 --- [Spring] [           main] o.s.c.a.ClassPathBeanDefinitionScanner   : Identified candidate component class: file [/home/david/Project/springcloud/spring/target/classes/com/david/hlp/Spring/system/auth/SecurityConfiguration.class]
2025-03-22T16:18:30.073+08:00 DEBUG 75969 --- [Spring] [           main] o.s.c.a.ClassPathBeanDefinitionScanner   : Identified candidate component class: file [/home/david/Project/springcloud/spring/target/classes/com/david/hlp/Spring/system/auth/WebMvcConfig.class]
2025-03-22T16:18:30.076+08:00 DEBUG 75969 --- [Spring] [           main] o.s.c.a.ClassPathBeanDefinitionScanner   : Identified candidate component class: file [/home/david/Project/springcloud/spring/target/classes/com/david/hlp/Spring/system/config/CacheConfig.class]
2025-03-22T16:18:30.076+08:00 DEBUG 75969 --- [Spring] [           main] o.s.c.a.ClassPathBeanDefinitionScanner   : Identified candidate component class: file [/home/david/Project/springcloud/spring/target/classes/com/david/hlp/Spring/system/controller/AuthController.class]
2025-03-22T16:18:30.077+08:00 DEBUG 75969 --- [Spring] [           main] o.s.c.a.ClassPathBeanDefinitionScanner   : Identified candidate component class: file [/home/david/Project/springcloud/spring/target/classes/com/david/hlp/Spring/system/controller/RoleController.class]
2025-03-22T16:18:30.077+08:00 DEBUG 75969 --- [Spring] [           main] o.s.c.a.ClassPathBeanDefinitionScanner   : Identified candidate component class: file [/home/david/Project/springcloud/spring/target/classes/com/david/hlp/Spring/system/controller/UserController.class]
2025-03-22T16:18:30.086+08:00 DEBUG 75969 --- [Spring] [           main] o.s.c.a.ClassPathBeanDefinitionScanner   : Identified candidate component class: file [/home/david/Project/springcloud/spring/target/classes/com/david/hlp/Spring/system/filter/WebConfig.class]
2025-03-22T16:18:30.092+08:00 DEBUG 75969 --- [Spring] [           main] o.s.c.a.ClassPathBeanDefinitionScanner   : Identified candidate component class: file [/home/david/Project/springcloud/spring/target/classes/com/david/hlp/Spring/system/service/UserDetailsServiceImpl.class]
2025-03-22T16:18:30.092+08:00 DEBUG 75969 --- [Spring] [           main] o.s.c.a.ClassPathBeanDefinitionScanner   : Identified candidate component class: file [/home/david/Project/springcloud/spring/target/classes/com/david/hlp/Spring/system/service/UserServiceImp.class]
2025-03-22T16:18:30.093+08:00 DEBUG 75969 --- [Spring] [           main] o.s.c.a.ClassPathBeanDefinitionScanner   : Identified candidate component class: file [/home/david/Project/springcloud/spring/target/classes/com/david/hlp/Spring/system/service/imp/AuthServiceImp.class]
2025-03-22T16:18:30.093+08:00 DEBUG 75969 --- [Spring] [           main] o.s.c.a.ClassPathBeanDefinitionScanner   : Identified candidate component class: file [/home/david/Project/springcloud/spring/target/classes/com/david/hlp/Spring/system/service/imp/PasswordServiceImpl.class]
2025-03-22T16:18:30.094+08:00 DEBUG 75969 --- [Spring] [           main] o.s.c.a.ClassPathBeanDefinitionScanner   : Identified candidate component class: file [/home/david/Project/springcloud/spring/target/classes/com/david/hlp/Spring/system/service/imp/PermissionServiceImp.class]
2025-03-22T16:18:30.095+08:00 DEBUG 75969 --- [Spring] [           main] o.s.c.a.ClassPathBeanDefinitionScanner   : Identified candidate component class: file [/home/david/Project/springcloud/spring/target/classes/com/david/hlp/Spring/system/service/imp/RoleServiceImp.class]
2025-03-22T16:18:30.095+08:00 DEBUG 75969 --- [Spring] [           main] o.s.c.a.ClassPathBeanDefinitionScanner   : Identified candidate component class: file [/home/david/Project/springcloud/spring/target/classes/com/david/hlp/Spring/system/service/imp/RouterServiceImp.class]
2025-03-22T16:18:30.096+08:00 DEBUG 75969 --- [Spring] [           main] o.s.c.a.ClassPathBeanDefinitionScanner   : Identified candidate component class: file [/home/david/Project/springcloud/spring/target/classes/com/david/hlp/Spring/system/util/RedisCache.class]
2025-03-22T16:18:30.907+08:00 DEBUG 75969 --- [Spring] [           main] o.s.b.f.s.DefaultListableBeanFactory     : Creating shared instance of singleton bean 'org.springframework.boot.autoconfigure.AutoConfigurationPackages'
2025-03-22T16:18:31.344+08:00  INFO 75969 --- [Spring] [           main] .s.d.r.c.RepositoryConfigurationDelegate : Multiple Spring Data modules found, entering strict repository configuration mode
2025-03-22T16:18:31.346+08:00  INFO 75969 --- [Spring] [           main] .s.d.r.c.RepositoryConfigurationDelegate : Bootstrapping Spring Data JPA repositories in DEFAULT mode.
2025-03-22T16:18:31.353+08:00 DEBUG 75969 --- [Spring] [           main] .s.d.r.c.RepositoryConfigurationDelegate : Scanning for JPA repositories in packages com.david.hlp.Spring.
2025-03-22T16:18:31.372+08:00  INFO 75969 --- [Spring] [           main] .s.d.r.c.RepositoryConfigurationDelegate : Finished Spring Data repository scanning in 17 ms. Found 0 JPA repository interfaces.
2025-03-22T16:18:31.385+08:00  INFO 75969 --- [Spring] [           main] .s.d.r.c.RepositoryConfigurationDelegate : Multiple Spring Data modules found, entering strict repository configuration mode
2025-03-22T16:18:31.387+08:00  INFO 75969 --- [Spring] [           main] .s.d.r.c.RepositoryConfigurationDelegate : Bootstrapping Spring Data Redis repositories in DEFAULT mode.
2025-03-22T16:18:31.398+08:00 DEBUG 75969 --- [Spring] [           main] .s.d.r.c.RepositoryConfigurationDelegate : Scanning for Redis repositories in packages com.david.hlp.Spring.
2025-03-22T16:18:31.405+08:00  INFO 75969 --- [Spring] [           main] .s.d.r.c.RepositoryConfigurationDelegate : Finished Spring Data repository scanning in 6 ms. Found 0 Redis repository interfaces.
2025-03-22T16:18:31.572+08:00 DEBUG 75969 --- [Spring] [           main] o.s.b.f.s.DefaultListableBeanFactory     : Creating shared instance of singleton bean 'refreshScope'
2025-03-22T16:18:31.576+08:00 DEBUG 75969 --- [Spring] [           main] o.s.b.f.s.DefaultListableBeanFactory     : Creating shared instance of singleton bean 'springSecurityHandlerMappingIntrospectorBeanDefinitionRegistryPostProcessor'
2025-03-22T16:18:31.578+08:00 DEBUG 75969 --- [Spring] [           main] o.s.b.f.s.DefaultListableBeanFactory     : Creating shared instance of singleton bean 'org.mybatis.spring.mapper.MapperScannerConfigurer'
2025-03-22T16:18:31.581+08:00 DEBUG 75969 --- [Spring] [           main] o.s.b.f.s.DefaultListableBeanFactory     : Creating shared instance of singleton bean 'org.springframework.cloud.autoconfigure.RefreshAutoConfiguration$RefreshScopeBeanDefinitionEnhancer'
2025-03-22T16:18:31.584+08:00 DEBUG 75969 --- [Spring] [           main] o.s.b.f.s.DefaultListableBeanFactory     : Creating shared instance of singleton bean 'propertySourcesPlaceholderConfigurer'
2025-03-22T16:18:31.597+08:00 DEBUG 75969 --- [Spring] [           main] o.m.s.mapper.ClassPathMapperScanner      : Identified candidate component class: file [/home/david/Project/springcloud/spring/target/classes/com/david/hlp/Spring/repeater/mapper/HostMapper.class]
2025-03-22T16:18:31.598+08:00 DEBUG 75969 --- [Spring] [           main] o.m.s.mapper.ClassPathMapperScanner      : Identified candidate component class: file [/home/david/Project/springcloud/spring/target/classes/com/david/hlp/Spring/repeater/mapper/PathUrlMapper.class]
2025-03-22T16:18:31.598+08:00 DEBUG 75969 --- [Spring] [           main] o.m.s.mapper.ClassPathMapperScanner      : Identified candidate component class: file [/home/david/Project/springcloud/spring/target/classes/com/david/hlp/Spring/repeater/mapper/PortMapper.class]
2025-03-22T16:18:31.598+08:00 DEBUG 75969 --- [Spring] [           main] o.m.s.mapper.ClassPathMapperScanner      : Identified candidate component class: file [/home/david/Project/springcloud/spring/target/classes/com/david/hlp/Spring/repeater/mapper/ProjectMapper.class]
2025-03-22T16:18:31.598+08:00 DEBUG 75969 --- [Spring] [           main] o.m.s.mapper.ClassPathMapperScanner      : Identified candidate component class: file [/home/david/Project/springcloud/spring/target/classes/com/david/hlp/Spring/repeater/mapper/RoleUrlMapper.class]
2025-03-22T16:18:31.598+08:00 DEBUG 75969 --- [Spring] [           main] o.m.s.mapper.ClassPathMapperScanner      : Identified candidate component class: file [/home/david/Project/springcloud/spring/target/classes/com/david/hlp/Spring/repeater/mapper/RouterUrlMapper.class]
2025-03-22T16:18:31.598+08:00 DEBUG 75969 --- [Spring] [           main] o.m.s.mapper.ClassPathMapperScanner      : Identified candidate component class: file [/home/david/Project/springcloud/spring/target/classes/com/david/hlp/Spring/system/mapper/PermissionMapper.class]
2025-03-22T16:18:31.598+08:00 DEBUG 75969 --- [Spring] [           main] o.m.s.mapper.ClassPathMapperScanner      : Identified candidate component class: file [/home/david/Project/springcloud/spring/target/classes/com/david/hlp/Spring/system/mapper/RoleMapper.class]
2025-03-22T16:18:31.599+08:00 DEBUG 75969 --- [Spring] [           main] o.m.s.mapper.ClassPathMapperScanner      : Identified candidate component class: file [/home/david/Project/springcloud/spring/target/classes/com/david/hlp/Spring/system/mapper/RouterMapper.class]
2025-03-22T16:18:31.599+08:00 DEBUG 75969 --- [Spring] [           main] o.m.s.mapper.ClassPathMapperScanner      : Identified candidate component class: file [/home/david/Project/springcloud/spring/target/classes/com/david/hlp/Spring/system/mapper/TokenMapper.class]
2025-03-22T16:18:31.599+08:00 DEBUG 75969 --- [Spring] [           main] o.m.s.mapper.ClassPathMapperScanner      : Identified candidate component class: file [/home/david/Project/springcloud/spring/target/classes/com/david/hlp/Spring/system/mapper/UserMapper.class]
2025-03-22T16:18:31.600+08:00 DEBUG 75969 --- [Spring] [           main] o.m.s.mapper.ClassPathMapperScanner      : Creating MapperFactoryBean with name 'hostMapper' and 'com.david.hlp.Spring.repeater.mapper.HostMapper' mapperInterface
2025-03-22T16:18:31.601+08:00 DEBUG 75969 --- [Spring] [           main] o.m.s.mapper.ClassPathMapperScanner      : Creating MapperFactoryBean with name 'pathUrlMapper' and 'com.david.hlp.Spring.repeater.mapper.PathUrlMapper' mapperInterface
2025-03-22T16:18:31.602+08:00 DEBUG 75969 --- [Spring] [           main] o.m.s.mapper.ClassPathMapperScanner      : Creating MapperFactoryBean with name 'portMapper' and 'com.david.hlp.Spring.repeater.mapper.PortMapper' mapperInterface
2025-03-22T16:18:31.602+08:00 DEBUG 75969 --- [Spring] [           main] o.m.s.mapper.ClassPathMapperScanner      : Creating MapperFactoryBean with name 'projectMapper' and 'com.david.hlp.Spring.repeater.mapper.ProjectMapper' mapperInterface
2025-03-22T16:18:31.602+08:00 DEBUG 75969 --- [Spring] [           main] o.m.s.mapper.ClassPathMapperScanner      : Creating MapperFactoryBean with name 'roleUrlMapper' and 'com.david.hlp.Spring.repeater.mapper.RoleUrlMapper' mapperInterface
2025-03-22T16:18:31.603+08:00 DEBUG 75969 --- [Spring] [           main] o.m.s.mapper.ClassPathMapperScanner      : Creating MapperFactoryBean with name 'routerUrlMapper' and 'com.david.hlp.Spring.repeater.mapper.RouterUrlMapper' mapperInterface
2025-03-22T16:18:31.603+08:00 DEBUG 75969 --- [Spring] [           main] o.m.s.mapper.ClassPathMapperScanner      : Creating MapperFactoryBean with name 'permissionMapper' and 'com.david.hlp.Spring.system.mapper.PermissionMapper' mapperInterface
2025-03-22T16:18:31.603+08:00 DEBUG 75969 --- [Spring] [           main] o.m.s.mapper.ClassPathMapperScanner      : Creating MapperFactoryBean with name 'roleMapper' and 'com.david.hlp.Spring.system.mapper.RoleMapper' mapperInterface
2025-03-22T16:18:31.603+08:00 DEBUG 75969 --- [Spring] [           main] o.m.s.mapper.ClassPathMapperScanner      : Creating MapperFactoryBean with name 'routerMapper' and 'com.david.hlp.Spring.system.mapper.RouterMapper' mapperInterface
2025-03-22T16:18:31.603+08:00 DEBUG 75969 --- [Spring] [           main] o.m.s.mapper.ClassPathMapperScanner      : Creating MapperFactoryBean with name 'tokenMapper' and 'com.david.hlp.Spring.system.mapper.TokenMapper' mapperInterface
2025-03-22T16:18:31.604+08:00 DEBUG 75969 --- [Spring] [           main] o.m.s.mapper.ClassPathMapperScanner      : Creating MapperFactoryBean with name 'userMapper' and 'com.david.hlp.Spring.system.mapper.UserMapper' mapperInterface
2025-03-22T16:18:31.787+08:00 DEBUG 75969 --- [Spring] [           main] o.s.cloud.context.scope.GenericScope     : Generating bean factory id from names: [additionalModelsConverter, applicationAvailability, applicationConfig, applicationTaskExecutor, auditorAware, authController, authServiceImp, authenticationEventPublisher, authenticationManager, authenticationManagerBuilder, authenticationManagerPostProcessor, authenticationProvider, basicErrorController, beanNameHandlerMapping, blockingLoadBalancerClient, cacheConfig, cacheInterceptor, cacheManager, cacheMetricsRegistrar, cacheOperationSource, caffeineWarnLogger, characterEncodingFilter, classLoaderMetrics, clientHttpRequestFactoryBuilder, clientHttpRequestFactorySettings, com.baomidou.mybatisplus.autoconfigure.MybatisPlusAutoConfiguration, com.baomidou.mybatisplus.autoconfigure.MybatisPlusAutoConfiguration$MapperScannerRegistrarNotFoundConfiguration, com.baomidou.mybatisplus.autoconfigure.MybatisPlusLanguageDriverAutoConfiguration, compositeCompatibilityVerifier, compositeDiscoveryClient, configDataContextRefresher, configurationPropertiesBeans, configurationPropertiesRebinder, controllerEndpointDiscoverer, controllerEndpointHandlerMapping, controllerExposeExcludePropertyEndpointFilter, conventionErrorViewResolver, conversionServicePostProcessor, corsFilter, data-jpa.repository-aot-processor#0, data-redis.repository-aot-processor#0, dataRestDelegatingMethodParameterCustomizer, dataSource, dataSourcePoolMetadataMeterBinder, dataSourceScriptDatabaseInitializer, dbHealthContributor, ddlApplicationRunner, default.org.springframework.cloud.loadbalancer.config.BlockingLoadBalancerClientAutoConfiguration.LoadBalancerClientSpecification, default.org.springframework.cloud.loadbalancer.config.LoadBalancerAutoConfiguration.LoadBalancerClientSpecification, defaultLoadBalancerCacheManager, defaultMeterObservationHandler, defaultServletHandlerMapping, defaultTemplateResolver, defaultValidator, defaultsBindHandlerAdvisor, deferringLoadBalancerInterceptor, delegatingApplicationListener, discoveryClientHealthIndicator, discoveryCompositeHealthContributor, diskSpaceHealthIndicator, diskSpaceMetrics, dispatcherServlet, dispatcherServletRegistration, eagerTaskExecutorMetrics, emBeanDefinitionRegistrarPostProcessor, enableGlobalAuthenticationAutowiredConfigurer, endpointCachingOperationInvokerAdvisor, endpointMediaTypes, endpointObjectMapper, endpointObjectMapperWebMvcConfigurer, endpointOperationParameterMapper, entityManagerFactory, entityManagerFactoryBuilder, environmentManager, errorAttributes, errorPageCustomizer, errorPageRegistrarBeanPostProcessor, fileDescriptorMetrics, fileSupportConverter, fileWatcher, filterChain, filterChainDecoratorPostProcessor, flashMapManager, globalExceptionHandler, globalOpenApiCustomizer, handlerExceptionResolver, handlerFunctionAdapter, healthContributorRegistry, healthEndpoint, healthEndpointGroupMembershipValidator, healthEndpointGroups, healthEndpointGroupsBeanPostProcessor, healthEndpointWebExtension, healthEndpointWebMvcHandlerMapping, healthHttpCodeStatusMapper, healthStatusAggregator, hikariDataSourceMeterBinder, hikariPoolDataSourceMetadataProvider, hostController, hostMapper, hostServiceImpl, httpMessageConvertersRestClientCustomizer, httpRequestHandlerAdapter, indexPageTransformer, inetUtils, inetUtilsProperties, initializeAuthenticationProviderBeanManagerConfigurer, initializeUserDetailsBeanManagerConfigurer, jacksonGeoModule, jacksonObjectMapper, jacksonObjectMapperBuilder, jdbcClient, jdbcConnectionDetails, jdbcConnectionDetailsHikariBeanPostProcessor, jdbcTemplate, jpaContext, jpaMappingContext, jpaSharedEM_entityManagerFactory, jpaVendorAdapter, jsonComponentModule, jsonMixinModule, jsonMixinModuleEntries, jvmCompilationMetrics, jvmGcMetrics, jvmHeapPressureMetrics, jvmInfoMetrics, jvmMemoryMetrics, jvmThreadMetrics, jwtAuthenticationFilter, jwtService, keyValueMappingContext, lbRestClientPostProcessor, lbRestTemplateBuilderPostProcessor, lettuceClientResources, lettuceMetrics, lifecycleProcessor, loadBalancedRestTemplateInitializerDeprecated, loadBalancerChildContextInitializer, loadBalancerClientFactory, loadBalancerClientsDefaultsMappingsProvider, loadBalancerEagerContextInitializer, loadBalancerInterceptor, loadBalancerRequestFactory, loadBalancerServiceInstanceCookieTransformer, localSpringDocParameterNameDiscoverer, localeCharsetMappingsCustomizer, localeResolver, logbackMetrics, loggingRebinder, logoutService, management.endpoint.health-org.springframework.boot.actuate.autoconfigure.health.HealthEndpointProperties, management.endpoints.web-org.springframework.boot.actuate.autoconfigure.endpoint.web.WebEndpointProperties, management.endpoints.web.cors-org.springframework.boot.actuate.autoconfigure.endpoint.web.CorsEndpointProperties, management.health.db-org.springframework.boot.actuate.autoconfigure.jdbc.DataSourceHealthIndicatorProperties, management.health.diskspace-org.springframework.boot.actuate.autoconfigure.system.DiskSpaceHealthIndicatorProperties, management.health.ssl-org.springframework.boot.actuate.autoconfigure.ssl.SslHealthIndicatorProperties, management.info-org.springframework.boot.actuate.autoconfigure.info.InfoContributorProperties, management.metrics-org.springframework.boot.actuate.autoconfigure.metrics.MetricsProperties, management.observations-org.springframework.boot.actuate.autoconfigure.observation.ObservationProperties, management.server-org.springframework.boot.actuate.autoconfigure.web.server.ManagementServerProperties, management.simple.metrics.export-org.springframework.boot.actuate.autoconfigure.metrics.export.simple.SimpleProperties, managementServletContext, mappingJackson2HttpMessageConverter, messageConverters, meterRegistryCloser, meterRegistryPostProcessor, methodValidationPostProcessor, metricsHttpClientUriTagFilter, metricsHttpServerUriTagFilter, metricsObservationHandlerGrouping, metricsRepositoryMethodInvocationListener, metricsRepositoryMethodInvocationListenerBeanPostProcessor, micrometerClock, micrometerOptions, modelConverterRegistrar, multipartConfigElement, multipartResolver, mvcContentNegotiationManager, mvcConversionService, mvcHandlerMappingIntrospector, mvcHandlerMappingIntrospectorRequestTransformer, mvcPathMatcher, mvcPatternParser, mvcResourceUrlProvider, mvcUriComponentsContributor, mvcUrlPathHelper, mvcValidator, mvcViewResolver, mybatis-plus-com.baomidou.mybatisplus.autoconfigure.MybatisPlusProperties, namedParameterJdbcTemplate, objectPostProcessor, observabilitySchedulingConfigurer, observationRegistry, observationRegistryPostProcessor, observationRestClientCustomizer, observationRestTemplateCustomizer, observedAspect, offsetResolver, openAPIBuilder, openApiResource, openEntityManagerInViewInterceptor, openEntityManagerInViewInterceptorConfigurer, operationBuilder, org.mybatis.spring.mapper.MapperScannerConfigurer, org.springdoc.core.configuration.SpringDocConfiguration, org.springdoc.core.configuration.SpringDocConfiguration$OpenApiResourceAdvice, org.springdoc.core.configuration.SpringDocConfiguration$QuerydslProvider, org.springdoc.core.configuration.SpringDocConfiguration$SpringDocSpringDataWebPropertiesProvider, org.springdoc.core.configuration.SpringDocConfiguration$SpringDocWebFluxSupportConfiguration, org.springdoc.core.configuration.SpringDocConfiguration$WebConversionServiceConfiguration, org.springdoc.core.configuration.SpringDocPageableConfiguration, org.springdoc.core.configuration.SpringDocSecurityConfiguration, org.springdoc.core.configuration.SpringDocSecurityConfiguration$SpringSecurityLoginEndpointConfiguration, org.springdoc.core.configuration.SpringDocSortConfiguration, org.springdoc.core.configuration.SpringDocUIConfiguration, org.springdoc.core.properties.SpringDocConfigProperties, org.springdoc.core.properties.SwaggerUiConfigProperties, org.springdoc.core.properties.SwaggerUiOAuthProperties, org.springdoc.webmvc.core.configuration.SpringDocWebMvcConfiguration, org.springdoc.webmvc.core.configuration.SpringDocWebMvcConfiguration$SpringDocWebMvcActuatorConfiguration, org.springdoc.webmvc.core.configuration.SpringDocWebMvcConfiguration$SpringDocWebMvcRouterConfiguration, org.springdoc.webmvc.ui.SwaggerConfig, org.springframework.aop.config.internalAutoProxyCreator, org.springframework.boot.actuate.autoconfigure.availability.AvailabilityHealthContributorAutoConfiguration, org.springframework.boot.actuate.autoconfigure.data.redis.RedisHealthContributorAutoConfiguration, org.springframework.boot.actuate.autoconfigure.data.redis.RedisReactiveHealthContributorAutoConfiguration, org.springframework.boot.actuate.autoconfigure.endpoint.EndpointAutoConfiguration, org.springframework.boot.actuate.autoconfigure.endpoint.jackson.JacksonEndpointAutoConfiguration, org.springframework.boot.actuate.autoconfigure.endpoint.web.ServletEndpointManagementContextConfiguration, org.springframework.boot.actuate.autoconfigure.endpoint.web.ServletEndpointManagementContextConfiguration$WebMvcServletEndpointManagementContextConfiguration, org.springframework.boot.actuate.autoconfigure.endpoint.web.WebEndpointAutoConfiguration, org.springframework.boot.actuate.autoconfigure.endpoint.web.WebEndpointAutoConfiguration$WebEndpointServletConfiguration, org.springframework.boot.actuate.autoconfigure.endpoint.web.servlet.WebMvcEndpointManagementContextConfiguration, org.springframework.boot.actuate.autoconfigure.health.HealthContributorAutoConfiguration, org.springframework.boot.actuate.autoconfigure.health.HealthEndpointAutoConfiguration, org.springframework.boot.actuate.autoconfigure.health.HealthEndpointConfiguration, org.springframework.boot.actuate.autoconfigure.health.HealthEndpointWebExtensionConfiguration, org.springframework.boot.actuate.autoconfigure.health.HealthEndpointWebExtensionConfiguration$MvcAdditionalHealthEndpointPathsConfiguration, org.springframework.boot.actuate.autoconfigure.health.ReactiveHealthEndpointConfiguration, org.springframework.boot.actuate.autoconfigure.info.InfoContributorAutoConfiguration, org.springframework.boot.actuate.autoconfigure.jdbc.DataSourceHealthContributorAutoConfiguration, org.springframework.boot.actuate.autoconfigure.metrics.CompositeMeterRegistryAutoConfiguration, org.springframework.boot.actuate.autoconfigure.metrics.JvmMetricsAutoConfiguration, org.springframework.boot.actuate.autoconfigure.metrics.LogbackMetricsAutoConfiguration, org.springframework.boot.actuate.autoconfigure.metrics.MetricsAutoConfiguration, org.springframework.boot.actuate.autoconfigure.metrics.SystemMetricsAutoConfiguration, org.springframework.boot.actuate.autoconfigure.metrics.cache.CacheMeterBinderProvidersConfiguration, org.springframework.boot.actuate.autoconfigure.metrics.cache.CacheMeterBinderProvidersConfiguration$RedisCacheMeterBinderProviderConfiguration, org.springframework.boot.actuate.autoconfigure.metrics.cache.CacheMetricsAutoConfiguration, org.springframework.boot.actuate.autoconfigure.metrics.cache.CacheMetricsRegistrarConfiguration, org.springframework.boot.actuate.autoconfigure.metrics.data.RepositoryMetricsAutoConfiguration, org.springframework.boot.actuate.autoconfigure.metrics.export.simple.SimpleMetricsExportAutoConfiguration, org.springframework.boot.actuate.autoconfigure.metrics.integration.IntegrationMetricsAutoConfiguration, org.springframework.boot.actuate.autoconfigure.metrics.jdbc.DataSourcePoolMetricsAutoConfiguration, org.springframework.boot.actuate.autoconfigure.metrics.jdbc.DataSourcePoolMetricsAutoConfiguration$DataSourcePoolMetadataMetricsConfiguration, org.springframework.boot.actuate.autoconfigure.metrics.jdbc.DataSourcePoolMetricsAutoConfiguration$HikariDataSourceMetricsConfiguration, org.springframework.boot.actuate.autoconfigure.metrics.redis.LettuceMetricsAutoConfiguration, org.springframework.boot.actuate.autoconfigure.metrics.startup.StartupTimeMetricsListenerAutoConfiguration, org.springframework.boot.actuate.autoconfigure.metrics.task.TaskExecutorMetricsAutoConfiguration, org.springframework.boot.actuate.autoconfigure.metrics.web.tomcat.TomcatMetricsAutoConfiguration, org.springframework.boot.actuate.autoconfigure.observation.ObservationAutoConfiguration, org.springframework.boot.actuate.autoconfigure.observation.ObservationAutoConfiguration$MeterObservationHandlerConfiguration, org.springframework.boot.actuate.autoconfigure.observation.ObservationAutoConfiguration$MeterObservationHandlerConfiguration$OnlyMetricsMeterObservationHandlerConfiguration, org.springframework.boot.actuate.autoconfigure.observation.ObservationAutoConfiguration$ObservedAspectConfiguration, org.springframework.boot.actuate.autoconfigure.observation.ObservationAutoConfiguration$OnlyMetricsConfiguration, org.springframework.boot.actuate.autoconfigure.observation.web.client.HttpClientObservationsAutoConfiguration, org.springframework.boot.actuate.autoconfigure.observation.web.client.HttpClientObservationsAutoConfiguration$MeterFilterConfiguration, org.springframework.boot.actuate.autoconfigure.observation.web.client.RestClientObservationConfiguration, org.springframework.boot.actuate.autoconfigure.observation.web.client.RestTemplateObservationConfiguration, org.springframework.boot.actuate.autoconfigure.observation.web.servlet.WebMvcObservationAutoConfiguration, org.springframework.boot.actuate.autoconfigure.observation.web.servlet.WebMvcObservationAutoConfiguration$MeterFilterConfiguration, org.springframework.boot.actuate.autoconfigure.scheduling.ScheduledTasksObservabilityAutoConfiguration, org.springframework.boot.actuate.autoconfigure.security.servlet.SecurityRequestMatchersManagementContextConfiguration, org.springframework.boot.actuate.autoconfigure.security.servlet.SecurityRequestMatchersManagementContextConfiguration$MvcRequestMatcherConfiguration, org.springframework.boot.actuate.autoconfigure.ssl.SslHealthContributorAutoConfiguration, org.springframework.boot.actuate.autoconfigure.system.DiskSpaceHealthContributorAutoConfiguration, org.springframework.boot.actuate.autoconfigure.web.server.ManagementContextAutoConfiguration, org.springframework.boot.actuate.autoconfigure.web.server.ManagementContextAutoConfiguration$SameManagementContextConfiguration, org.springframework.boot.actuate.autoconfigure.web.server.ManagementContextAutoConfiguration$SameManagementContextConfiguration$EnableSameManagementContextConfiguration, org.springframework.boot.actuate.autoconfigure.web.servlet.ServletManagementContextAutoConfiguration, org.springframework.boot.autoconfigure.AutoConfigurationPackages, org.springframework.boot.autoconfigure.aop.AopAutoConfiguration, org.springframework.boot.autoconfigure.aop.AopAutoConfiguration$AspectJAutoProxyingConfiguration, org.springframework.boot.autoconfigure.aop.AopAutoConfiguration$AspectJAutoProxyingConfiguration$CglibAutoProxyConfiguration, org.springframework.boot.autoconfigure.availability.ApplicationAvailabilityAutoConfiguration, org.springframework.boot.autoconfigure.context.ConfigurationPropertiesAutoConfiguration, org.springframework.boot.autoconfigure.context.LifecycleAutoConfiguration, org.springframework.boot.autoconfigure.context.PropertyPlaceholderAutoConfiguration, org.springframework.boot.autoconfigure.dao.PersistenceExceptionTranslationAutoConfiguration, org.springframework.boot.autoconfigure.data.jpa.JpaRepositoriesAutoConfiguration, org.springframework.boot.autoconfigure.data.redis.LettuceConnectionConfiguration, org.springframework.boot.autoconfigure.data.redis.RedisAutoConfiguration, org.springframework.boot.autoconfigure.data.redis.RedisReactiveAutoConfiguration, org.springframework.boot.autoconfigure.data.redis.RedisRepositoriesAutoConfiguration, org.springframework.boot.autoconfigure.data.web.SpringDataWebAutoConfiguration, org.springframework.boot.autoconfigure.http.HttpMessageConvertersAutoConfiguration, org.springframework.boot.autoconfigure.http.HttpMessageConvertersAutoConfiguration$StringHttpMessageConverterConfiguration, org.springframework.boot.autoconfigure.http.JacksonHttpMessageConvertersConfiguration, org.springframework.boot.autoconfigure.http.JacksonHttpMessageConvertersConfiguration$MappingJackson2HttpMessageConverterConfiguration, org.springframework.boot.autoconfigure.http.client.HttpClientAutoConfiguration, org.springframework.boot.autoconfigure.info.ProjectInfoAutoConfiguration, org.springframework.boot.autoconfigure.internalCachingMetadataReaderFactory, org.springframework.boot.autoconfigure.jackson.JacksonAutoConfiguration, org.springframework.boot.autoconfigure.jackson.JacksonAutoConfiguration$Jackson2ObjectMapperBuilderCustomizerConfiguration, org.springframework.boot.autoconfigure.jackson.JacksonAutoConfiguration$JacksonMixinConfiguration, org.springframework.boot.autoconfigure.jackson.JacksonAutoConfiguration$JacksonObjectMapperBuilderConfiguration, org.springframework.boot.autoconfigure.jackson.JacksonAutoConfiguration$JacksonObjectMapperConfiguration, org.springframework.boot.autoconfigure.jackson.JacksonAutoConfiguration$ParameterNamesModuleConfiguration, org.springframework.boot.autoconfigure.jdbc.DataSourceAutoConfiguration, org.springframework.boot.autoconfigure.jdbc.DataSourceAutoConfiguration$PooledDataSourceConfiguration, org.springframework.boot.autoconfigure.jdbc.DataSourceConfiguration$Hikari, org.springframework.boot.autoconfigure.jdbc.DataSourceTransactionManagerAutoConfiguration, org.springframework.boot.autoconfigure.jdbc.DataSourceTransactionManagerAutoConfiguration$JdbcTransactionManagerConfiguration, org.springframework.boot.autoconfigure.jdbc.JdbcClientAutoConfiguration, org.springframework.boot.autoconfigure.jdbc.JdbcTemplateAutoConfiguration, org.springframework.boot.autoconfigure.jdbc.JdbcTemplateConfiguration, org.springframework.boot.autoconfigure.jdbc.NamedParameterJdbcTemplateConfiguration, org.springframework.boot.autoconfigure.jdbc.metadata.DataSourcePoolMetadataProvidersConfiguration, org.springframework.boot.autoconfigure.jdbc.metadata.DataSourcePoolMetadataProvidersConfiguration$HikariPoolDataSourceMetadataProviderConfiguration, org.springframework.boot.autoconfigure.netty.NettyAutoConfiguration, org.springframework.boot.autoconfigure.orm.jpa.HibernateJpaAutoConfiguration, org.springframework.boot.autoconfigure.orm.jpa.HibernateJpaConfiguration, org.springframework.boot.autoconfigure.orm.jpa.JpaBaseConfiguration$JpaWebConfiguration, org.springframework.boot.autoconfigure.orm.jpa.JpaBaseConfiguration$PersistenceManagedTypesConfiguration, org.springframework.boot.autoconfigure.reactor.ReactorAutoConfiguration, org.springframework.boot.autoconfigure.security.servlet.SecurityAutoConfiguration, org.springframework.boot.autoconfigure.security.servlet.SecurityFilterAutoConfiguration, org.springframework.boot.autoconfigure.security.servlet.SpringBootWebSecurityConfiguration, org.springframework.boot.autoconfigure.sql.init.DataSourceInitializationConfiguration, org.springframework.boot.autoconfigure.sql.init.SqlInitializationAutoConfiguration, org.springframework.boot.autoconfigure.ssl.SslAutoConfiguration, org.springframework.boot.autoconfigure.task.TaskExecutionAutoConfiguration, org.springframework.boot.autoconfigure.task.TaskExecutorConfigurations$SimpleAsyncTaskExecutorBuilderConfiguration, org.springframework.boot.autoconfigure.task.TaskExecutorConfigurations$TaskExecutorConfiguration, org.springframework.boot.autoconfigure.task.TaskExecutorConfigurations$ThreadPoolTaskExecutorBuilderConfiguration, org.springframework.boot.autoconfigure.task.TaskSchedulingAutoConfiguration, org.springframework.boot.autoconfigure.task.TaskSchedulingConfigurations$SimpleAsyncTaskSchedulerBuilderConfiguration, org.springframework.boot.autoconfigure.task.TaskSchedulingConfigurations$TaskSchedulerConfiguration, org.springframework.boot.autoconfigure.task.TaskSchedulingConfigurations$ThreadPoolTaskSchedulerBuilderConfiguration, org.springframework.boot.autoconfigure.thymeleaf.TemplateEngineConfigurations$DefaultTemplateEngineConfiguration, org.springframework.boot.autoconfigure.thymeleaf.ThymeleafAutoConfiguration, org.springframework.boot.autoconfigure.thymeleaf.ThymeleafAutoConfiguration$DefaultTemplateResolverConfiguration, org.springframework.boot.autoconfigure.thymeleaf.ThymeleafAutoConfiguration$ThymeleafWebMvcConfiguration, org.springframework.boot.autoconfigure.thymeleaf.ThymeleafAutoConfiguration$ThymeleafWebMvcConfiguration$ThymeleafViewResolverConfiguration, org.springframework.boot.autoconfigure.transaction.TransactionAutoConfiguration, org.springframework.boot.autoconfigure.transaction.TransactionAutoConfiguration$EnableTransactionManagementConfiguration, org.springframework.boot.autoconfigure.transaction.TransactionAutoConfiguration$EnableTransactionManagementConfiguration$CglibAutoProxyConfiguration, org.springframework.boot.autoconfigure.transaction.TransactionAutoConfiguration$TransactionTemplateConfiguration, org.springframework.boot.autoconfigure.transaction.TransactionManagerCustomizationAutoConfiguration, org.springframework.boot.autoconfigure.transaction.jta.JtaAutoConfiguration, org.springframework.boot.autoconfigure.validation.ValidationAutoConfiguration, org.springframework.boot.autoconfigure.web.client.RestClientAutoConfiguration, org.springframework.boot.autoconfigure.web.client.RestTemplateAutoConfiguration, org.springframework.boot.autoconfigure.web.servlet.DispatcherServletAutoConfiguration, org.springframework.boot.autoconfigure.web.servlet.DispatcherServletAutoConfiguration$DispatcherServletConfiguration, org.springframework.boot.autoconfigure.web.servlet.DispatcherServletAutoConfiguration$DispatcherServletRegistrationConfiguration, org.springframework.boot.autoconfigure.web.servlet.HttpEncodingAutoConfiguration, org.springframework.boot.autoconfigure.web.servlet.MultipartAutoConfiguration, org.springframework.boot.autoconfigure.web.servlet.ServletWebServerFactoryAutoConfiguration, org.springframework.boot.autoconfigure.web.servlet.ServletWebServerFactoryConfiguration$EmbeddedTomcat, org.springframework.boot.autoconfigure.web.servlet.error.ErrorMvcAutoConfiguration, org.springframework.boot.autoconfigure.web.servlet.error.ErrorMvcAutoConfiguration$DefaultErrorViewResolverConfiguration, org.springframework.boot.autoconfigure.websocket.servlet.WebSocketServletAutoConfiguration, org.springframework.boot.autoconfigure.websocket.servlet.WebSocketServletAutoConfiguration$TomcatWebSocketConfiguration, org.springframework.boot.context.internalConfigurationPropertiesBinder, org.springframework.boot.context.properties.BoundConfigurationProperties, org.springframework.boot.context.properties.ConfigurationPropertiesBindingPostProcessor, org.springframework.boot.context.properties.EnableConfigurationPropertiesRegistrar.methodValidationExcludeFilter, org.springframework.boot.sql.init.dependency.DatabaseInitializationDependencyConfigurer$DependsOnDatabaseInitializationPostProcessor, org.springframework.boot.test.mock.mockito.MockitoPostProcessor, org.springframework.boot.test.mock.mockito.MockitoPostProcessor$SpyPostProcessor, org.springframework.cache.annotation.ProxyCachingConfiguration, org.springframework.cache.config.internalCacheAdvisor, org.springframework.cloud.autoconfigure.ConfigurationPropertiesRebinderAutoConfiguration, org.springframework.cloud.autoconfigure.LifecycleMvcEndpointAutoConfiguration, org.springframework.cloud.autoconfigure.PauseResumeEndpointsConfiguration, org.springframework.cloud.autoconfigure.RefreshAutoConfiguration, org.springframework.cloud.autoconfigure.RefreshAutoConfiguration$RefreshScopeBeanDefinitionEnhancer, org.springframework.cloud.autoconfigure.RefreshEndpointAutoConfiguration, org.springframework.cloud.autoconfigure.RefreshEndpointAutoConfiguration$RefreshEndpointConfiguration, org.springframework.cloud.autoconfigure.RestartEndpointWithoutIntegrationConfiguration, org.springframework.cloud.client.CommonsClientAutoConfiguration, org.springframework.cloud.client.CommonsClientAutoConfiguration$ActuatorConfiguration, org.springframework.cloud.client.CommonsClientAutoConfiguration$DiscoveryLoadBalancerConfiguration, org.springframework.cloud.client.ReactiveCommonsClientAutoConfiguration, org.springframework.cloud.client.discovery.composite.CompositeDiscoveryClientAutoConfiguration, org.springframework.cloud.client.discovery.simple.SimpleDiscoveryClientAutoConfiguration, org.springframework.cloud.client.loadbalancer.LoadBalancerAutoConfiguration, org.springframework.cloud.client.loadbalancer.LoadBalancerAutoConfiguration$DeferringLoadBalancerInterceptorConfig, org.springframework.cloud.client.loadbalancer.LoadBalancerAutoConfiguration$LoadBalancerInterceptorConfig, org.springframework.cloud.client.loadbalancer.LoadBalancerDefaultMappingsProviderAutoConfiguration, org.springframework.cloud.client.serviceregistry.AutoServiceRegistrationAutoConfiguration, org.springframework.cloud.client.serviceregistry.AutoServiceRegistrationConfiguration, org.springframework.cloud.client.serviceregistry.ServiceRegistryAutoConfiguration, org.springframework.cloud.commons.config.CommonsConfigAutoConfiguration, org.springframework.cloud.commons.security.ResourceServerTokenRelayAutoConfiguration, org.springframework.cloud.commons.security.ResourceServerTokenRelayAutoConfiguration$ResourceServerTokenRelayRegistrationAutoConfiguration, org.springframework.cloud.commons.util.UtilAutoConfiguration, org.springframework.cloud.configuration.CompatibilityVerifierAutoConfiguration, org.springframework.cloud.loadbalancer.config.BlockingLoadBalancerClientAutoConfiguration, org.springframework.cloud.loadbalancer.config.LoadBalancerAutoConfiguration, org.springframework.cloud.loadbalancer.config.LoadBalancerCacheAutoConfiguration, org.springframework.cloud.loadbalancer.config.LoadBalancerCacheAutoConfiguration$DefaultLoadBalancerCacheManagerConfiguration, org.springframework.cloud.loadbalancer.config.LoadBalancerCacheAutoConfiguration$LoadBalancerCacheManagerWarnConfiguration, org.springframework.context.annotation.internalAutowiredAnnotationProcessor, org.springframework.context.annotation.internalCommonAnnotationProcessor, org.springframework.context.annotation.internalConfigurationAnnotationProcessor, org.springframework.context.annotation.internalPersistenceAnnotationProcessor, org.springframework.context.annotation.internalScheduledAnnotationProcessor, org.springframework.context.event.internalEventListenerFactory, org.springframework.context.event.internalEventListenerProcessor, org.springframework.data.jpa.repository.support.JpaEvaluationContextExtension, org.springframework.data.jpa.util.JpaMetamodelCacheCleanup, org.springframework.data.web.config.ProjectingArgumentResolverRegistrar, org.springframework.data.web.config.SpringDataJacksonConfiguration, org.springframework.data.web.config.SpringDataWebConfiguration, org.springframework.scheduling.annotation.SchedulingConfiguration, org.springframework.security.config.annotation.authentication.configuration.AuthenticationConfiguration, org.springframework.security.config.annotation.configuration.ObjectPostProcessorConfiguration, org.springframework.security.config.annotation.web.configuration.HttpSecurityConfiguration, org.springframework.security.config.annotation.web.configuration.HttpSecurityConfiguration.httpSecurity, org.springframework.security.config.annotation.web.configuration.ObservationConfiguration, org.springframework.security.config.annotation.web.configuration.WebMvcSecurityConfiguration, org.springframework.security.config.annotation.web.configuration.WebSecurityConfiguration, org.springframework.test.context.support.internalDynamicPropertyRegistrarBeanInitializer, org.springframework.transaction.annotation.ProxyTransactionManagementConfiguration, org.springframework.transaction.config.internalTransactionAdvisor, org.springframework.transaction.config.internalTransactionalEventListenerFactory, pageModule, pageOpenAPIConverter, pageableCustomizer, pageableOpenAPIConverter, pageableResolver, parameterBuilder, parameterNamesModule, parameterObjectNamingStrategyCustomizer, passwordEncoder, passwordServiceImpl, pathMappedEndpoints, pathUrlController, pathUrlMapper, pathUrlServiceImpl, permissionMapper, permissionServiceImp, persistenceExceptionTranslationPostProcessor, persistenceManagedTypes, pingHealthContributor, platformTransactionManagerCustomizers, polymorphicModelConverter, portController, portMapper, portServiceImpl, preserveErrorControllerTargetClassPostProcessor, privilegeEvaluator, processorMetrics, projectMapper, projectUrlController, projectUrlServiceImpl, projectingArgumentResolverBeanPostProcessor, propertiesEndpointAccessResolver, propertiesMeterFilter, propertiesObservationFilter, propertyResolverUtils, propertySourcesPlaceholderConfigurer, queryDslQuerydslPredicateOperationCustomizer, reactiveHealthContributorRegistry, reactiveRedisTemplate, reactiveStringRedisTemplate, redisCache, redisCacheMeterBinderProvider, redisConnectionDetails, redisConnectionFactory, redisConverter, redisCustomConversions, redisHealthContributor, redisIndexConfiguration#0, redisKeyValueAdapter, redisKeyValueTemplate, redisKeyspaceConfiguration#0, redisMappingConfiguration#0, redisReferenceResolver, redisTemplate, refreshEventListener, refreshScope, refreshScopeHealthIndicator, refreshScopeLifecycle, repeaterController, repeaterServiceImp, repeaterServiceImp.DirectRestTemplate, repositoryTagsProvider, requestBodyBuilder, requestBuilder, requestDataValueProcessor, requestMappingHandlerAdapter, requestMappingHandlerMapping, requestMatcherProvider, resourceHandlerMapping, resourceUrlEncodingFilter, responseBuilder, responseSupportConverter, restClientBuilder, restClientBuilderConfigurer, restClientSsl, restTemplate, restTemplateBuilder, restTemplateBuilderConfigurer, restTemplateConfig, restTemplateCustomizer, roleController, roleMapper, roleServiceImp, roleUrlMapper, routerFunctionMapping, routerFunctionProvider, routerMapper, routerServiceImp, routerUrlController, routerUrlMapper, routerUrlServiceImpl, scheduledBeanLazyInitializationExcludeFilter, schemaPropertyDeprecatingConverter, securityConfiguration, securityFilterChainRegistration, securityParser, server-org.springframework.boot.autoconfigure.web.ServerProperties, servletEndpointDiscoverer, servletEndpointRegistrar, servletExposeExcludePropertyEndpointFilter, servletWebChildContextFactory, servletWebServerFactoryCustomizer, simpleAsyncTaskExecutorBuilder, simpleAsyncTaskSchedulerBuilder, simpleConfig, simpleControllerHandlerAdapter, simpleDiscoveryClient, simpleDiscoveryProperties, simpleMeterRegistry, sleuthPresentVerifier, sortCustomizer, sortOpenAPIConverter, sortResolver, spring.cloud.compatibility-verifier-org.springframework.cloud.configuration.CompatibilityVerifierProperties, spring.cloud.discovery.client.health-indicator-org.springframework.cloud.client.discovery.health.DiscoveryClientHealthIndicatorProperties, spring.cloud.loadbalancer-org.springframework.cloud.client.loadbalancer.LoadBalancerClientsProperties, spring.cloud.loadbalancer.cache-org.springframework.cloud.loadbalancer.cache.LoadBalancerCacheProperties, spring.cloud.loadbalancer.eager-load-org.springframework.cloud.client.loadbalancer.LoadBalancerEagerLoadProperties, spring.cloud.refresh-org.springframework.cloud.autoconfigure.RefreshAutoConfiguration$RefreshProperties, spring.cloud.service-registry.auto-registration-org.springframework.cloud.client.serviceregistry.AutoServiceRegistrationProperties, spring.data.redis-org.springframework.boot.autoconfigure.data.redis.RedisProperties, spring.data.web-org.springframework.boot.autoconfigure.data.web.SpringDataWebProperties, spring.datasource-org.springframework.boot.autoconfigure.jdbc.DataSourceProperties, spring.http.client-org.springframework.boot.autoconfigure.http.client.HttpClientProperties, spring.info-org.springframework.boot.autoconfigure.info.ProjectInfoProperties, spring.jackson-org.springframework.boot.autoconfigure.jackson.JacksonProperties, spring.jdbc-org.springframework.boot.autoconfigure.jdbc.JdbcProperties, spring.jpa-org.springframework.boot.autoconfigure.orm.jpa.JpaProperties, spring.jpa.hibernate-org.springframework.boot.autoconfigure.orm.jpa.HibernateProperties, spring.lifecycle-org.springframework.boot.autoconfigure.context.LifecycleProperties, spring.mvc-org.springframework.boot.autoconfigure.web.servlet.WebMvcProperties, spring.netty-org.springframework.boot.autoconfigure.netty.NettyProperties, spring.reactor-org.springframework.boot.autoconfigure.reactor.ReactorProperties, spring.security-org.springframework.boot.autoconfigure.security.SecurityProperties, spring.servlet.multipart-org.springframework.boot.autoconfigure.web.servlet.MultipartProperties, spring.sql.init-org.springframework.boot.autoconfigure.sql.init.SqlInitializationProperties, spring.ssl-org.springframework.boot.autoconfigure.ssl.SslProperties, spring.task.execution-org.springframework.boot.autoconfigure.task.TaskExecutionProperties, spring.task.scheduling-org.springframework.boot.autoconfigure.task.TaskSchedulingProperties, spring.thymeleaf-org.springframework.boot.autoconfigure.thymeleaf.ThymeleafProperties, spring.transaction-org.springframework.boot.autoconfigure.transaction.TransactionProperties, spring.web-org.springframework.boot.autoconfigure.web.WebProperties, springBootStarter, springBootVersionVerifier, springCloudCommonsFeatures, springDataWebPropertiesProvider, springDataWebSettings, springDocCustomizers, springDocProviders, springSecurityFilterChain, springSecurityHandlerMappingIntrospectorBeanDefinitionRegistryPostProcessor, springWebProvider, springdocObjectMapperProvider, sqlSessionFactory, sqlSessionTemplate, sslBundleRegistry, sslHealthIndicator, sslInfo, sslPropertiesSslBundleRegistrar, standardJacksonObjectMapperBuilderCustomizer, startupTimeMetrics, stringHttpMessageConverter, stringRedisTemplate, swaggerConfigResource, swaggerResourceResolver, swaggerWebMvcConfigurer, swaggerWelcome, taskScheduler, templateEngine, themeResolver, threadPoolTaskExecutorBuilder, threadPoolTaskSchedulerBuilder, thymeleafViewResolver, tokenMapper, tomcatMetricsBinder, tomcatServletWebServerFactory, tomcatServletWebServerFactoryCustomizer, transactionAttributeSource, transactionExecutionListeners, transactionInterceptor, transactionManager, transactionTemplate, uptimeMetrics, userController, userDetailsService, userDetailsServiceImpl, userMapper, userServiceImp, validationAspect, viewControllerHandlerMapping, viewNameTranslator, webAccessPropertiesOperationFilter, webAuthorizationManagerPostProcessor, webConfig, webConversionServiceProvider, webEndpointDiscoverer, webEndpointPathMapper, webEndpointServletHandlerMapping, webExposeExcludePropertyEndpointFilter, webFluxSupportConverter, webMvcConfig, webMvcObservationFilter, webSecurityExpressionHandler, webServerFactoryCustomizerBeanPostProcessor, websocketServletWebServerCustomizer, xForwarderHeadersTransformer, zoneConfig]
2025-03-22T16:18:31.792+08:00  INFO 75969 --- [Spring] [           main] o.s.cloud.context.scope.GenericScope     : BeanFactory id=425c226f-2e22-33de-888c-9a780d8de142
2025-03-22T16:18:31.801+08:00 DEBUG 75969 --- [Spring] [           main] o.s.b.f.s.DefaultListableBeanFactory     : Creating shared instance of singleton bean 'org.springframework.boot.test.mock.mockito.MockitoPostProcessor'
2025-03-22T16:18:31.803+08:00 DEBUG 75969 --- [Spring] [           main] o.s.b.f.s.DefaultListableBeanFactory     : Creating shared instance of singleton bean 'emBeanDefinitionRegistrarPostProcessor'
2025-03-22T16:18:31.804+08:00 DEBUG 75969 --- [Spring] [           main] o.s.b.f.s.DefaultListableBeanFactory     : Creating shared instance of singleton bean 'org.springframework.boot.sql.init.dependency.DatabaseInitializationDependencyConfigurer$DependsOnDatabaseInitializationPostProcessor'
2025-03-22T16:18:31.880+08:00 DEBUG 75969 --- [Spring] [           main] o.s.b.f.s.DefaultListableBeanFactory     : Creating shared instance of singleton bean 'org.springframework.context.event.internalEventListenerProcessor'
2025-03-22T16:18:31.881+08:00 DEBUG 75969 --- [Spring] [           main] o.s.b.f.s.DefaultListableBeanFactory     : Creating shared instance of singleton bean 'conversionServicePostProcessor'
2025-03-22T16:18:31.883+08:00 DEBUG 75969 --- [Spring] [           main] o.s.b.f.s.DefaultListableBeanFactory     : Creating shared instance of singleton bean 'preserveErrorControllerTargetClassPostProcessor'
2025-03-22T16:18:31.884+08:00 DEBUG 75969 --- [Spring] [           main] o.s.b.f.s.DefaultListableBeanFactory     : Creating shared instance of singleton bean 'org.springframework.context.event.internalEventListenerFactory'
2025-03-22T16:18:31.884+08:00 DEBUG 75969 --- [Spring] [           main] o.s.b.f.s.DefaultListableBeanFactory     : Creating shared instance of singleton bean 'org.springframework.transaction.config.internalTransactionalEventListenerFactory'
2025-03-22T16:18:31.889+08:00 DEBUG 75969 --- [Spring] [           main] o.s.b.f.s.DefaultListableBeanFactory     : Creating shared instance of singleton bean 'org.springframework.boot.test.mock.mockito.MockitoPostProcessor$SpyPostProcessor'
2025-03-22T16:18:31.890+08:00 DEBUG 75969 --- [Spring] [           main] o.s.b.f.s.DefaultListableBeanFactory     : Creating shared instance of singleton bean 'org.springframework.context.annotation.internalAutowiredAnnotationProcessor'
2025-03-22T16:18:31.892+08:00 DEBUG 75969 --- [Spring] [           main] o.s.b.f.s.DefaultListableBeanFactory     : Creating shared instance of singleton bean 'org.springframework.context.annotation.internalCommonAnnotationProcessor'
2025-03-22T16:18:31.897+08:00 DEBUG 75969 --- [Spring] [           main] o.s.b.f.s.DefaultListableBeanFactory     : Creating shared instance of singleton bean 'org.springframework.context.annotation.internalPersistenceAnnotationProcessor'
2025-03-22T16:18:31.898+08:00 DEBUG 75969 --- [Spring] [           main] o.s.b.f.s.DefaultListableBeanFactory     : Creating shared instance of singleton bean 'org.springframework.boot.context.properties.ConfigurationPropertiesBindingPostProcessor'
2025-03-22T16:18:31.898+08:00 DEBUG 75969 --- [Spring] [           main] o.s.b.f.s.DefaultListableBeanFactory     : Creating shared instance of singleton bean 'org.springframework.boot.context.internalConfigurationPropertiesBinder'
2025-03-22T16:18:31.901+08:00 DEBUG 75969 --- [Spring] [           main] o.s.b.f.s.DefaultListableBeanFactory     : Creating shared instance of singleton bean 'jdbcConnectionDetailsHikariBeanPostProcessor'
2025-03-22T16:18:31.905+08:00 DEBUG 75969 --- [Spring] [           main] o.s.b.f.s.DefaultListableBeanFactory     : Creating shared instance of singleton bean 'org.springframework.aop.config.internalAutoProxyCreator'
2025-03-22T16:18:31.921+08:00 DEBUG 75969 --- [Spring] [           main] o.s.b.f.s.DefaultListableBeanFactory     : Creating shared instance of singleton bean 'org.springframework.context.annotation.internalScheduledAnnotationProcessor'
2025-03-22T16:18:31.922+08:00 DEBUG 75969 --- [Spring] [           main] o.s.b.f.s.DefaultListableBeanFactory     : Creating shared instance of singleton bean 'org.springframework.scheduling.annotation.SchedulingConfiguration'
2025-03-22T16:18:31.928+08:00 DEBUG 75969 --- [Spring] [           main] o.s.b.f.s.DefaultListableBeanFactory     : Creating shared instance of singleton bean 'methodValidationPostProcessor'
2025-03-22T16:18:31.932+08:00 DEBUG 75969 --- [Spring] [           main] o.s.b.f.s.DefaultListableBeanFactory     : Autowiring by type from bean name 'methodValidationPostProcessor' via factory method to bean named 'environment'
2025-03-22T16:18:31.934+08:00 DEBUG 75969 --- [Spring] [           main] o.s.b.f.s.DefaultListableBeanFactory     : Creating shared instance of singleton bean 'org.springframework.boot.context.properties.EnableConfigurationPropertiesRegistrar.methodValidationExcludeFilter'
2025-03-22T16:18:31.947+08:00 DEBUG 75969 --- [Spring] [           main] o.s.b.f.s.DefaultListableBeanFactory     : Creating shared instance of singleton bean 'persistenceExceptionTranslationPostProcessor'
2025-03-22T16:18:31.948+08:00 DEBUG 75969 --- [Spring] [           main] o.s.b.f.s.DefaultListableBeanFactory     : Autowiring by type from bean name 'persistenceExceptionTranslationPostProcessor' via factory method to bean named 'environment'
2025-03-22T16:18:31.950+08:00 DEBUG 75969 --- [Spring] [           main] o.s.b.f.s.DefaultListableBeanFactory     : Creating shared instance of singleton bean 'webServerFactoryCustomizerBeanPostProcessor'
2025-03-22T16:18:31.951+08:00 DEBUG 75969 --- [Spring] [           main] o.s.b.f.s.DefaultListableBeanFactory     : Creating shared instance of singleton bean 'errorPageRegistrarBeanPostProcessor'
2025-03-22T16:18:31.951+08:00 DEBUG 75969 --- [Spring] [           main] o.s.b.f.s.DefaultListableBeanFactory     : Creating shared instance of singleton bean 'meterRegistryPostProcessor'
2025-03-22T16:18:31.952+08:00 DEBUG 75969 --- [Spring] [           main] o.s.b.f.s.DefaultListableBeanFactory     : Creating shared instance of singleton bean 'org.springframework.cache.config.internalCacheAdvisor'
2025-03-22T16:18:31.953+08:00 DEBUG 75969 --- [Spring] [           main] o.s.b.f.s.DefaultListableBeanFactory     : Creating shared instance of singleton bean 'org.springframework.cache.annotation.ProxyCachingConfiguration'
2025-03-22T16:18:31.953+08:00 DEBUG 75969 --- [Spring] [           main] o.s.b.f.s.DefaultListableBeanFactory     : Creating shared instance of singleton bean 'org.springframework.transaction.config.internalTransactionAdvisor'
2025-03-22T16:18:31.953+08:00 DEBUG 75969 --- [Spring] [           main] o.s.b.f.s.DefaultListableBeanFactory     : Creating shared instance of singleton bean 'org.springframework.transaction.annotation.ProxyTransactionManagementConfiguration'
2025-03-22T16:18:31.968+08:00 DEBUG 75969 --- [Spring] [           main] .s.a.a.a.ReflectiveAspectJAdvisorFactory : Found AspectJ method: public java.lang.Object com.david.hlp.Spring.system.aspect.ValidationAspect.validateStringParameters(org.aspectj.lang.ProceedingJoinPoint) throws java.lang.Throwable
2025-03-22T16:18:31.978+08:00 DEBUG 75969 --- [Spring] [           main] .s.a.a.a.ReflectiveAspectJAdvisorFactory : Found AspectJ method: public java.lang.Object io.micrometer.observation.aop.ObservedAspect.observeClass(org.aspectj.lang.ProceedingJoinPoint) throws java.lang.Throwable
2025-03-22T16:18:31.980+08:00 DEBUG 75969 --- [Spring] [           main] .s.a.a.a.ReflectiveAspectJAdvisorFactory : Found AspectJ method: public java.lang.Object io.micrometer.observation.aop.ObservedAspect.observeMethod(org.aspectj.lang.ProceedingJoinPoint) throws java.lang.Throwable
2025-03-22T16:18:32.095+08:00 DEBUG 75969 --- [Spring] [           main] o.s.b.f.s.DefaultListableBeanFactory     : Creating shared instance of singleton bean 'transactionAttributeSource'
2025-03-22T16:18:32.111+08:00 DEBUG 75969 --- [Spring] [           main] o.s.b.f.s.DefaultListableBeanFactory     : Creating shared instance of singleton bean 'transactionInterceptor'
2025-03-22T16:18:32.111+08:00 DEBUG 75969 --- [Spring] [           main] o.s.b.f.s.DefaultListableBeanFactory     : Autowiring by type from bean name 'transactionInterceptor' via factory method to bean named 'transactionAttributeSource'
2025-03-22T16:18:32.176+08:00 DEBUG 75969 --- [Spring] [           main] o.s.b.f.s.DefaultListableBeanFactory     : Autowiring by type from bean name 'org.springframework.transaction.config.internalTransactionAdvisor' via factory method to bean named 'transactionAttributeSource'
2025-03-22T16:18:32.177+08:00 DEBUG 75969 --- [Spring] [           main] o.s.b.f.s.DefaultListableBeanFactory     : Autowiring by type from bean name 'org.springframework.transaction.config.internalTransactionAdvisor' via factory method to bean named 'transactionInterceptor'
2025-03-22T16:18:32.184+08:00 DEBUG 75969 --- [Spring] [           main] o.s.b.f.s.DefaultListableBeanFactory     : Creating shared instance of singleton bean 'cacheOperationSource'
2025-03-22T16:18:32.199+08:00 DEBUG 75969 --- [Spring] [           main] o.s.b.f.s.DefaultListableBeanFactory     : Creating shared instance of singleton bean 'cacheInterceptor'
2025-03-22T16:18:32.200+08:00 DEBUG 75969 --- [Spring] [           main] o.s.b.f.s.DefaultListableBeanFactory     : Autowiring by type from bean name 'cacheInterceptor' via factory method to bean named 'cacheOperationSource'
2025-03-22T16:18:32.204+08:00 DEBUG 75969 --- [Spring] [           main] o.s.b.f.s.DefaultListableBeanFactory     : Autowiring by type from bean name 'org.springframework.cache.config.internalCacheAdvisor' via factory method to bean named 'cacheOperationSource'
2025-03-22T16:18:32.204+08:00 DEBUG 75969 --- [Spring] [           main] o.s.b.f.s.DefaultListableBeanFactory     : Autowiring by type from bean name 'org.springframework.cache.config.internalCacheAdvisor' via factory method to bean named 'cacheInterceptor'
2025-03-22T16:18:32.207+08:00 DEBUG 75969 --- [Spring] [           main] o.s.b.f.s.DefaultListableBeanFactory     : Autowiring by type from bean name 'meterRegistryPostProcessor' via factory method to bean named 'org.springframework.web.context.support.GenericWebApplicationContext@29a23c3d'
2025-03-22T16:18:32.219+08:00 DEBUG 75969 --- [Spring] [           main] o.s.b.f.s.DefaultListableBeanFactory     : Creating shared instance of singleton bean 'healthEndpointGroupsBeanPostProcessor'
2025-03-22T16:18:32.223+08:00 DEBUG 75969 --- [Spring] [           main] o.s.b.f.s.DefaultListableBeanFactory     : Creating shared instance of singleton bean 'metricsRepositoryMethodInvocationListenerBeanPostProcessor'
2025-03-22T16:18:32.230+08:00 DEBUG 75969 --- [Spring] [           main] o.s.b.f.s.DefaultListableBeanFactory     : Creating shared instance of singleton bean 'observationRegistryPostProcessor'
2025-03-22T16:18:32.233+08:00 DEBUG 75969 --- [Spring] [           main] o.s.b.f.s.DefaultListableBeanFactory     : Creating shared instance of singleton bean 'projectingArgumentResolverBeanPostProcessor'
2025-03-22T16:18:32.248+08:00 DEBUG 75969 --- [Spring] [           main] o.s.b.f.s.DefaultListableBeanFactory     : Creating shared instance of singleton bean 'configurationPropertiesBeans'
2025-03-22T16:18:32.252+08:00 DEBUG 75969 --- [Spring] [           main] o.s.b.f.s.DefaultListableBeanFactory     : Creating shared instance of singleton bean 'lbRestClientPostProcessor'
2025-03-22T16:18:32.254+08:00 DEBUG 75969 --- [Spring] [           main] o.s.b.f.s.DefaultListableBeanFactory     : Autowiring by type from bean name 'lbRestClientPostProcessor' via factory method to bean named 'org.springframework.web.context.support.GenericWebApplicationContext@29a23c3d'
2025-03-22T16:18:32.258+08:00 DEBUG 75969 --- [Spring] [           main] o.s.b.f.s.DefaultListableBeanFactory     : Creating shared instance of singleton bean 'lbRestTemplateBuilderPostProcessor'
2025-03-22T16:18:32.260+08:00 DEBUG 75969 --- [Spring] [           main] o.s.b.f.s.DefaultListableBeanFactory     : Autowiring by type from bean name 'lbRestTemplateBuilderPostProcessor' via factory method to bean named 'org.springframework.web.context.support.GenericWebApplicationContext@29a23c3d'
2025-03-22T16:18:32.265+08:00 DEBUG 75969 --- [Spring] [           main] o.s.u.c.s.UiApplicationContextUtils      : Unable to locate ThemeSource with name 'themeSource': using default [org.springframework.ui.context.support.ResourceBundleThemeSource@22361e23]
2025-03-22T16:18:32.268+08:00 DEBUG 75969 --- [Spring] [           main] o.s.b.f.s.DefaultListableBeanFactory     : Creating shared instance of singleton bean 'org.springframework.test.context.support.internalDynamicPropertyRegistrarBeanInitializer'
2025-03-22T16:18:32.273+08:00 DEBUG 75969 --- [Spring] [           main] o.s.b.f.s.DefaultListableBeanFactory     : Creating shared instance of singleton bean 'dataSourceScriptDatabaseInitializer'
2025-03-22T16:18:32.273+08:00 DEBUG 75969 --- [Spring] [           main] o.s.b.f.s.DefaultListableBeanFactory     : Creating shared instance of singleton bean 'org.springframework.boot.autoconfigure.sql.init.DataSourceInitializationConfiguration'
2025-03-22T16:18:32.276+08:00 DEBUG 75969 --- [Spring] [           main] o.s.b.f.s.DefaultListableBeanFactory     : Creating shared instance of singleton bean 'dataSource'
2025-03-22T16:18:32.277+08:00 DEBUG 75969 --- [Spring] [           main] o.s.b.f.s.DefaultListableBeanFactory     : Creating shared instance of singleton bean 'org.springframework.boot.autoconfigure.jdbc.DataSourceConfiguration$Hikari'
2025-03-22T16:18:32.282+08:00 DEBUG 75969 --- [Spring] [           main] o.s.b.f.s.DefaultListableBeanFactory     : Creating shared instance of singleton bean 'spring.datasource-org.springframework.boot.autoconfigure.jdbc.DataSourceProperties'
2025-03-22T16:18:32.283+08:00 DEBUG 75969 --- [Spring] [           main] o.s.b.f.s.DefaultListableBeanFactory     : Creating shared instance of singleton bean 'org.springframework.boot.context.properties.BoundConfigurationProperties'
2025-03-22T16:18:32.289+08:00 DEBUG 75969 --- [Spring] [           main] o.s.b.f.s.DefaultListableBeanFactory     : Creating shared instance of singleton bean 'defaultsBindHandlerAdvisor'
2025-03-22T16:18:32.289+08:00 DEBUG 75969 --- [Spring] [           main] o.s.b.f.s.DefaultListableBeanFactory     : Creating shared instance of singleton bean 'org.springframework.cloud.commons.config.CommonsConfigAutoConfiguration'
2025-03-22T16:18:32.295+08:00 DEBUG 75969 --- [Spring] [           main] o.s.b.f.s.DefaultListableBeanFactory     : Creating shared instance of singleton bean 'loadBalancerClientsDefaultsMappingsProvider'
2025-03-22T16:18:32.296+08:00 DEBUG 75969 --- [Spring] [           main] o.s.b.f.s.DefaultListableBeanFactory     : Creating shared instance of singleton bean 'org.springframework.cloud.client.loadbalancer.LoadBalancerDefaultMappingsProviderAutoConfiguration'
2025-03-22T16:18:32.300+08:00 DEBUG 75969 --- [Spring] [           main] o.s.b.f.s.DefaultListableBeanFactory     : Autowiring by type from bean name 'defaultsBindHandlerAdvisor' via factory method to bean named 'loadBalancerClientsDefaultsMappingsProvider'
2025-03-22T16:18:32.323+08:00 DEBUG 75969 --- [Spring] [           main] o.s.b.f.s.DefaultListableBeanFactory     : Creating shared instance of singleton bean 'jdbcConnectionDetails'
2025-03-22T16:18:32.323+08:00 DEBUG 75969 --- [Spring] [           main] o.s.b.f.s.DefaultListableBeanFactory     : Creating shared instance of singleton bean 'org.springframework.boot.autoconfigure.jdbc.DataSourceAutoConfiguration$PooledDataSourceConfiguration'
2025-03-22T16:18:32.328+08:00 DEBUG 75969 --- [Spring] [           main] o.s.b.f.s.DefaultListableBeanFactory     : Autowiring by type from bean name 'jdbcConnectionDetails' via factory method to bean named 'spring.datasource-org.springframework.boot.autoconfigure.jdbc.DataSourceProperties'
2025-03-22T16:18:32.331+08:00 DEBUG 75969 --- [Spring] [           main] o.s.b.f.s.DefaultListableBeanFactory     : Autowiring by type from bean name 'dataSource' via factory method to bean named 'spring.datasource-org.springframework.boot.autoconfigure.jdbc.DataSourceProperties'
2025-03-22T16:18:32.331+08:00 DEBUG 75969 --- [Spring] [           main] o.s.b.f.s.DefaultListableBeanFactory     : Autowiring by type from bean name 'dataSource' via factory method to bean named 'jdbcConnectionDetails'
2025-03-22T16:18:32.374+08:00 DEBUG 75969 --- [Spring] [           main] o.s.b.f.s.DefaultListableBeanFactory     : Creating shared instance of singleton bean 'spring.sql.init-org.springframework.boot.autoconfigure.sql.init.SqlInitializationProperties'
2025-03-22T16:18:32.382+08:00 DEBUG 75969 --- [Spring] [           main] o.s.b.f.s.DefaultListableBeanFactory     : Autowiring by type from bean name 'dataSourceScriptDatabaseInitializer' via factory method to bean named 'dataSource'
2025-03-22T16:18:32.382+08:00 DEBUG 75969 --- [Spring] [           main] o.s.b.f.s.DefaultListableBeanFactory     : Autowiring by type from bean name 'dataSourceScriptDatabaseInitializer' via factory method to bean named 'spring.sql.init-org.springframework.boot.autoconfigure.sql.init.SqlInitializationProperties'
2025-03-22T16:18:32.394+08:00 DEBUG 75969 --- [Spring] [           main] o.s.jdbc.datasource.DataSourceUtils      : Fetching JDBC Connection from DataSource
2025-03-22T16:18:32.395+08:00  INFO 75969 --- [Spring] [           main] com.zaxxer.hikari.HikariDataSource       : HikariPool-1 - Starting...
2025-03-22T16:18:32.525+08:00  INFO 75969 --- [Spring] [           main] com.zaxxer.hikari.pool.HikariPool        : HikariPool-1 - Added connection com.mysql.cj.jdbc.ConnectionImpl@35841d6
2025-03-22T16:18:32.529+08:00  INFO 75969 --- [Spring] [           main] com.zaxxer.hikari.HikariDataSource       : HikariPool-1 - Start completed.
2025-03-22T16:18:32.553+08:00 DEBUG 75969 --- [Spring] [           main] o.s.b.f.s.DefaultListableBeanFactory     : Creating shared instance of singleton bean 'entityManagerFactory'
2025-03-22T16:18:32.554+08:00 DEBUG 75969 --- [Spring] [           main] o.s.b.f.s.DefaultListableBeanFactory     : Creating shared instance of singleton bean 'org.springframework.boot.autoconfigure.orm.jpa.HibernateJpaConfiguration'
2025-03-22T16:18:32.555+08:00 DEBUG 75969 --- [Spring] [           main] o.s.b.f.s.DefaultListableBeanFactory     : Creating shared instance of singleton bean 'spring.jpa-org.springframework.boot.autoconfigure.orm.jpa.JpaProperties'
2025-03-22T16:18:32.565+08:00 DEBUG 75969 --- [Spring] [           main] o.s.b.f.s.DefaultListableBeanFactory     : Creating shared instance of singleton bean 'spring.jpa.hibernate-org.springframework.boot.autoconfigure.orm.jpa.HibernateProperties'
2025-03-22T16:18:32.569+08:00 DEBUG 75969 --- [Spring] [           main] o.s.b.f.s.DefaultListableBeanFactory     : Autowiring by type from bean name 'org.springframework.boot.autoconfigure.orm.jpa.HibernateJpaConfiguration' via constructor to bean named 'dataSource'
2025-03-22T16:18:32.569+08:00 DEBUG 75969 --- [Spring] [           main] o.s.b.f.s.DefaultListableBeanFactory     : Autowiring by type from bean name 'org.springframework.boot.autoconfigure.orm.jpa.HibernateJpaConfiguration' via constructor to bean named 'spring.jpa-org.springframework.boot.autoconfigure.orm.jpa.JpaProperties'
2025-03-22T16:18:32.569+08:00 DEBUG 75969 --- [Spring] [           main] o.s.b.f.s.DefaultListableBeanFactory     : Autowiring by type from bean name 'org.springframework.boot.autoconfigure.orm.jpa.HibernateJpaConfiguration' via constructor to bean named 'org.springframework.beans.factory.support.DefaultListableBeanFactory@47e4d9d0'
2025-03-22T16:18:32.569+08:00 DEBUG 75969 --- [Spring] [           main] o.s.b.f.s.DefaultListableBeanFactory     : Autowiring by type from bean name 'org.springframework.boot.autoconfigure.orm.jpa.HibernateJpaConfiguration' via constructor to bean named 'spring.jpa.hibernate-org.springframework.boot.autoconfigure.orm.jpa.HibernateProperties'
2025-03-22T16:18:32.572+08:00 DEBUG 75969 --- [Spring] [           main] o.s.b.f.s.DefaultListableBeanFactory     : Creating shared instance of singleton bean 'hikariPoolDataSourceMetadataProvider'
2025-03-22T16:18:32.572+08:00 DEBUG 75969 --- [Spring] [           main] o.s.b.f.s.DefaultListableBeanFactory     : Creating shared instance of singleton bean 'org.springframework.boot.autoconfigure.jdbc.metadata.DataSourcePoolMetadataProvidersConfiguration$HikariPoolDataSourceMetadataProviderConfiguration'
2025-03-22T16:18:32.592+08:00 DEBUG 75969 --- [Spring] [           main] o.s.b.f.s.DefaultListableBeanFactory     : Creating shared instance of singleton bean 'entityManagerFactoryBuilder'
2025-03-22T16:18:32.594+08:00 DEBUG 75969 --- [Spring] [           main] o.s.b.f.s.DefaultListableBeanFactory     : Creating shared instance of singleton bean 'jpaVendorAdapter'
2025-03-22T16:18:32.608+08:00 DEBUG 75969 --- [Spring] [           main] o.s.b.f.s.DefaultListableBeanFactory     : Autowiring by type from bean name 'entityManagerFactoryBuilder' via factory method to bean named 'jpaVendorAdapter'
2025-03-22T16:18:32.617+08:00 DEBUG 75969 --- [Spring] [           main] o.s.b.f.s.DefaultListableBeanFactory     : Creating shared instance of singleton bean 'persistenceManagedTypes'
2025-03-22T16:18:32.619+08:00 DEBUG 75969 --- [Spring] [           main] o.s.b.f.s.DefaultListableBeanFactory     : Autowiring by type from bean name 'persistenceManagedTypes' via factory method to bean named 'org.springframework.beans.factory.support.DefaultListableBeanFactory@47e4d9d0'
2025-03-22T16:18:32.619+08:00 DEBUG 75969 --- [Spring] [           main] o.s.b.f.s.DefaultListableBeanFactory     : Autowiring by type from bean name 'persistenceManagedTypes' via factory method to bean named 'org.springframework.web.context.support.GenericWebApplicationContext@29a23c3d'
2025-03-22T16:18:32.631+08:00 DEBUG 75969 --- [Spring] [           main] o.s.b.f.s.DefaultListableBeanFactory     : Autowiring by type from bean name 'entityManagerFactory' via factory method to bean named 'entityManagerFactoryBuilder'
2025-03-22T16:18:32.631+08:00 DEBUG 75969 --- [Spring] [           main] o.s.b.f.s.DefaultListableBeanFactory     : Autowiring by type from bean name 'entityManagerFactory' via factory method to bean named 'persistenceManagedTypes'
2025-03-22T16:18:32.636+08:00 DEBUG 75969 --- [Spring] [           main] o.s.jdbc.datasource.DataSourceUtils      : Fetching JDBC Connection from DataSource
2025-03-22T16:18:32.645+08:00 DEBUG 75969 --- [Spring] [           main] j.LocalContainerEntityManagerFactoryBean : Building JPA container EntityManagerFactory for persistence unit 'default'
2025-03-22T16:18:32.666+08:00  INFO 75969 --- [Spring] [           main] o.hibernate.jpa.internal.util.LogHelper  : HHH000204: Processing PersistenceUnitInfo [name: default]
2025-03-22T16:18:32.719+08:00  INFO 75969 --- [Spring] [           main] org.hibernate.Version                    : HHH000412: Hibernate ORM core version 6.6.11.Final
2025-03-22T16:18:32.755+08:00  INFO 75969 --- [Spring] [           main] o.h.c.internal.RegionFactoryInitiator    : HHH000026: Second-level cache disabled
2025-03-22T16:18:32.965+08:00  INFO 75969 --- [Spring] [           main] o.s.o.j.p.SpringPersistenceUnitInfo      : No LoadTimeWeaver setup: ignoring JPA class transformer
2025-03-22T16:18:33.035+08:00  INFO 75969 --- [Spring] [           main] org.hibernate.orm.connections.pooling    : HHH10001005: Database info:
	Database JDBC URL [Connecting through datasource 'HikariDataSource (HikariPool-1)']
	Database driver: undefined/unknown
	Database version: 8.0.36
	Autocommit mode: undefined/unknown
	Isolation level: undefined/unknown
	Minimum pool size: undefined/unknown
	Maximum pool size: undefined/unknown
2025-03-22T16:18:33.239+08:00  INFO 75969 --- [Spring] [           main] o.h.e.t.j.p.i.JtaPlatformInitiator       : HHH000489: No JTA platform available (set 'hibernate.transaction.jta.platform' to enable JTA platform integration)
2025-03-22T16:18:33.242+08:00  INFO 75969 --- [Spring] [           main] j.LocalContainerEntityManagerFactoryBean : Initialized JPA EntityManagerFactory for persistence unit 'default'
2025-03-22T16:18:33.257+08:00 DEBUG 75969 --- [Spring] [           main] o.s.b.f.s.DefaultListableBeanFactory     : Creating shared instance of singleton bean 'springBootStarter'
2025-03-22T16:18:33.259+08:00 DEBUG 75969 --- [Spring] [           main] o.s.b.f.s.DefaultListableBeanFactory     : Creating shared instance of singleton bean 'globalExceptionHandler'
[...]
2025-03-22T16:18:36.159+08:00 DEBUG 75969 --- [Spring] [           main] o.s.b.f.s.DefaultListableBeanFactory     : Creating shared instance of singleton bean 'restTemplateCustomizer'
2025-03-22T16:18:36.159+08:00 DEBUG 75969 --- [Spring] [           main] o.s.b.f.s.DefaultListableBeanFactory     : Autowiring by type from bean name 'restTemplateCustomizer' via factory method to bean named 'loadBalancerInterceptor'
2025-03-22T16:18:36.162+08:00 DEBUG 75969 --- [Spring] [           main] o.s.b.f.s.DefaultListableBeanFactory     : Creating shared instance of singleton bean 'org.springframework.cloud.client.loadbalancer.LoadBalancerAutoConfiguration$DeferringLoadBalancerInterceptorConfig'
2025-03-22T16:18:36.163+08:00 DEBUG 75969 --- [Spring] [           main] o.s.b.f.s.DefaultListableBeanFactory     : Creating shared instance of singleton bean 'deferringLoadBalancerInterceptor'
2025-03-22T16:18:36.164+08:00 DEBUG 75969 --- [Spring] [           main] o.s.b.f.s.DefaultListableBeanFactory     : Creating shared instance of singleton bean 'loadBalancedRestTemplateInitializerDeprecated'
2025-03-22T16:18:36.167+08:00 DEBUG 75969 --- [Spring] [           main] o.s.b.f.s.DefaultListableBeanFactory     : Creating shared instance of singleton bean 'org.springframework.cloud.client.serviceregistry.AutoServiceRegistrationConfiguration'
2025-03-22T16:18:36.168+08:00 DEBUG 75969 --- [Spring] [           main] o.s.b.f.s.DefaultListableBeanFactory     : Creating shared instance of singleton bean 'spring.cloud.service-registry.auto-registration-org.springframework.cloud.client.serviceregistry.AutoServiceRegistrationProperties'
2025-03-22T16:18:36.170+08:00 DEBUG 75969 --- [Spring] [           main] o.s.b.f.s.DefaultListableBeanFactory     : Creating shared instance of singleton bean 'org.springframework.cloud.client.serviceregistry.AutoServiceRegistrationAutoConfiguration'
2025-03-22T16:18:36.173+08:00 DEBUG 75969 --- [Spring] [           main] o.s.b.f.s.DefaultListableBeanFactory     : Creating shared instance of singleton bean 'org.springframework.cloud.client.serviceregistry.ServiceRegistryAutoConfiguration'
2025-03-22T16:18:36.174+08:00 DEBUG 75969 --- [Spring] [           main] o.s.b.f.s.DefaultListableBeanFactory     : Creating shared instance of singleton bean 'org.springframework.cloud.commons.security.ResourceServerTokenRelayAutoConfiguration$ResourceServerTokenRelayRegistrationAutoConfiguration'
2025-03-22T16:18:36.175+08:00 DEBUG 75969 --- [Spring] [           main] o.s.b.f.s.DefaultListableBeanFactory     : Creating shared instance of singleton bean 'org.springframework.cloud.commons.security.ResourceServerTokenRelayAutoConfiguration'
2025-03-22T16:18:36.176+08:00 DEBUG 75969 --- [Spring] [           main] o.s.b.f.s.DefaultListableBeanFactory     : Creating shared instance of singleton bean 'org.springframework.cloud.configuration.CompatibilityVerifierAutoConfiguration'
2025-03-22T16:18:36.177+08:00 DEBUG 75969 --- [Spring] [           main] o.s.b.f.s.DefaultListableBeanFactory     : Creating shared instance of singleton bean 'compositeCompatibilityVerifier'
2025-03-22T16:18:36.179+08:00 DEBUG 75969 --- [Spring] [           main] o.s.b.f.s.DefaultListableBeanFactory     : Creating shared instance of singleton bean 'springBootVersionVerifier'
2025-03-22T16:18:36.179+08:00 DEBUG 75969 --- [Spring] [           main] o.s.b.f.s.DefaultListableBeanFactory     : Creating shared instance of singleton bean 'spring.cloud.compatibility-verifier-org.springframework.cloud.configuration.CompatibilityVerifierProperties'
2025-03-22T16:18:36.182+08:00 DEBUG 75969 --- [Spring] [           main] o.s.b.f.s.DefaultListableBeanFactory     : Autowiring by type from bean name 'springBootVersionVerifier' via factory method to bean named 'spring.cloud.compatibility-verifier-org.springframework.cloud.configuration.CompatibilityVerifierProperties'
2025-03-22T16:18:36.184+08:00 DEBUG 75969 --- [Spring] [           main] o.s.b.f.s.DefaultListableBeanFactory     : Creating shared instance of singleton bean 'sleuthPresentVerifier'
2025-03-22T16:18:36.185+08:00 DEBUG 75969 --- [Spring] [           main] o.s.b.f.s.DefaultListableBeanFactory     : Autowiring by type from bean name 'compositeCompatibilityVerifier' via factory method to bean named 'springBootVersionVerifier'
2025-03-22T16:18:36.185+08:00 DEBUG 75969 --- [Spring] [           main] o.s.b.f.s.DefaultListableBeanFactory     : Autowiring by type from bean name 'compositeCompatibilityVerifier' via factory method to bean named 'sleuthPresentVerifier'
2025-03-22T16:18:36.186+08:00 DEBUG 75969 --- [Spring] [           main] o.s.c.c.SpringBootVersionVerifier        : Version found in Boot manifest [3.4.4]
2025-03-22T16:18:36.187+08:00 DEBUG 75969 --- [Spring] [           main] o.s.c.c.CompositeCompatibilityVerifier   : All conditions are passing
2025-03-22T16:18:36.188+08:00 DEBUG 75969 --- [Spring] [           main] o.s.b.f.s.DefaultListableBeanFactory     : Creating shared instance of singleton bean 'org.springframework.cloud.loadbalancer.config.LoadBalancerCacheAutoConfiguration$DefaultLoadBalancerCacheManagerConfiguration'
2025-03-22T16:18:36.189+08:00 DEBUG 75969 --- [Spring] [           main] o.s.b.f.s.DefaultListableBeanFactory     : Creating shared instance of singleton bean 'defaultLoadBalancerCacheManager'
2025-03-22T16:18:36.190+08:00 DEBUG 75969 --- [Spring] [           main] o.s.b.f.s.DefaultListableBeanFactory     : Creating shared instance of singleton bean 'spring.cloud.loadbalancer.cache-org.springframework.cloud.loadbalancer.cache.LoadBalancerCacheProperties'
2025-03-22T16:18:36.192+08:00 DEBUG 75969 --- [Spring] [           main] o.s.b.f.s.DefaultListableBeanFactory     : Autowiring by type from bean name 'defaultLoadBalancerCacheManager' via factory method to bean named 'spring.cloud.loadbalancer.cache-org.springframework.cloud.loadbalancer.cache.LoadBalancerCacheProperties'
2025-03-22T16:18:36.200+08:00 DEBUG 75969 --- [Spring] [           main] o.s.b.f.s.DefaultListableBeanFactory     : Creating shared instance of singleton bean 'org.springframework.cloud.loadbalancer.config.LoadBalancerCacheAutoConfiguration$LoadBalancerCacheManagerWarnConfiguration'
2025-03-22T16:18:36.201+08:00 DEBUG 75969 --- [Spring] [           main] o.s.b.f.s.DefaultListableBeanFactory     : Creating shared instance of singleton bean 'caffeineWarnLogger'
2025-03-22T16:18:36.202+08:00  WARN 75969 --- [Spring] [           main] iguration$LoadBalancerCaffeineWarnLogger : Spring Cloud LoadBalancer is currently working with the default cache. While this cache implementation is useful for development and tests, it's recommended to use Caffeine cache in production.You can switch to using Caffeine cache, by adding it and org.springframework.cache.caffeine.CaffeineCacheManager to the classpath.
2025-03-22T16:18:36.202+08:00 DEBUG 75969 --- [Spring] [           main] o.s.b.f.s.DefaultListableBeanFactory     : Creating shared instance of singleton bean 'org.springframework.cloud.loadbalancer.config.LoadBalancerCacheAutoConfiguration'
2025-03-22T16:18:36.203+08:00 DEBUG 75969 --- [Spring] [           main] o.s.b.f.s.DefaultListableBeanFactory     : Creating shared instance of singleton bean 'org.springframework.boot.actuate.autoconfigure.endpoint.web.ServletEndpointManagementContextConfiguration$WebMvcServletEndpointManagementContextConfiguration'
2025-03-22T16:18:36.204+08:00 DEBUG 75969 --- [Spring] [           main] o.s.b.f.s.DefaultListableBeanFactory     : Creating shared instance of singleton bean 'servletEndpointRegistrar'
2025-03-22T16:18:36.204+08:00 DEBUG 75969 --- [Spring] [           main] o.s.b.f.s.DefaultListableBeanFactory     : Autowiring by type from bean name 'servletEndpointRegistrar' via factory method to bean named 'management.endpoints.web-org.springframework.boot.actuate.autoconfigure.endpoint.web.WebEndpointProperties'
2025-03-22T16:18:36.204+08:00 DEBUG 75969 --- [Spring] [           main] o.s.b.f.s.DefaultListableBeanFactory     : Autowiring by type from bean name 'servletEndpointRegistrar' via factory method to bean named 'servletEndpointDiscoverer'
2025-03-22T16:18:36.204+08:00 DEBUG 75969 --- [Spring] [           main] o.s.b.f.s.DefaultListableBeanFactory     : Autowiring by type from bean name 'servletEndpointRegistrar' via factory method to bean named 'dispatcherServletRegistration'
2025-03-22T16:18:36.204+08:00 DEBUG 75969 --- [Spring] [           main] o.s.b.f.s.DefaultListableBeanFactory     : Autowiring by type from bean name 'servletEndpointRegistrar' via factory method to bean named 'propertiesEndpointAccessResolver'
2025-03-22T16:18:36.206+08:00 DEBUG 75969 --- [Spring] [           main] o.s.b.f.s.DefaultListableBeanFactory     : Creating shared instance of singleton bean 'endpointObjectMapperWebMvcConfigurer'
2025-03-22T16:18:36.206+08:00 DEBUG 75969 --- [Spring] [           main] o.s.b.f.s.DefaultListableBeanFactory     : Autowiring by type from bean name 'endpointObjectMapperWebMvcConfigurer' via factory method to bean named 'endpointObjectMapper'
2025-03-22T16:18:36.209+08:00 DEBUG 75969 --- [Spring] [           main] o.s.b.f.s.DefaultListableBeanFactory     : Creating shared instance of singleton bean 'org.springframework.boot.actuate.autoconfigure.security.servlet.SecurityRequestMatchersManagementContextConfiguration$MvcRequestMatcherConfiguration'
2025-03-22T16:18:36.210+08:00 DEBUG 75969 --- [Spring] [           main] o.s.b.f.s.DefaultListableBeanFactory     : Creating shared instance of singleton bean 'requestMatcherProvider'
2025-03-22T16:18:36.210+08:00 DEBUG 75969 --- [Spring] [           main] o.s.b.f.s.DefaultListableBeanFactory     : Autowiring by type from bean name 'requestMatcherProvider' via factory method to bean named 'dispatcherServletRegistration'
2025-03-22T16:18:36.214+08:00 DEBUG 75969 --- [Spring] [           main] o.s.b.f.s.DefaultListableBeanFactory     : Creating shared instance of singleton bean 'org.springframework.boot.actuate.autoconfigure.security.servlet.SecurityRequestMatchersManagementContextConfiguration'
2025-03-22T16:18:36.215+08:00 DEBUG 75969 --- [Spring] [           main] o.s.b.f.s.DefaultListableBeanFactory     : Creating shared instance of singleton bean 'org.springframework.boot.actuate.autoconfigure.web.server.ManagementContextAutoConfiguration$SameManagementContextConfiguration$EnableSameManagementContextConfiguration'
2025-03-22T16:18:36.216+08:00 DEBUG 75969 --- [Spring] [           main] o.s.b.f.s.DefaultListableBeanFactory     : Creating shared instance of singleton bean 'org.springframework.boot.actuate.autoconfigure.web.server.ManagementContextAutoConfiguration$SameManagementContextConfiguration'
2025-03-22T16:18:36.217+08:00 DEBUG 75969 --- [Spring] [           main] o.s.b.f.s.DefaultListableBeanFactory     : Autowiring by type from bean name 'org.springframework.boot.actuate.autoconfigure.web.server.ManagementContextAutoConfiguration$SameManagementContextConfiguration' via constructor to bean named 'environment'
2025-03-22T16:18:36.218+08:00 DEBUG 75969 --- [Spring] [           main] o.s.b.f.s.DefaultListableBeanFactory     : Creating shared instance of singleton bean 'org.springframework.boot.actuate.autoconfigure.web.server.ManagementContextAutoConfiguration'
2025-03-22T16:18:36.219+08:00 DEBUG 75969 --- [Spring] [           main] o.s.b.f.s.DefaultListableBeanFactory     : Creating shared instance of singleton bean 'management.server-org.springframework.boot.actuate.autoconfigure.web.server.ManagementServerProperties'
2025-03-22T16:18:36.298+08:00 DEBUG 75969 --- [Spring] [           main] o.s.c.support.DefaultLifecycleProcessor  : Starting beans in phase -2147483647
2025-03-22T16:18:36.298+08:00 DEBUG 75969 --- [Spring] [           main] o.s.c.support.DefaultLifecycleProcessor  : Successfully started bean 'springBootLoggingLifecycle'
2025-03-22T16:18:36.298+08:00 DEBUG 75969 --- [Spring] [           main] o.s.c.support.DefaultLifecycleProcessor  : Starting beans in phase 0
2025-03-22T16:18:36.298+08:00 DEBUG 75969 --- [Spring] [           main] o.s.c.support.DefaultLifecycleProcessor  : Starting beans in phase 1073741823
2025-03-22T16:18:36.298+08:00 DEBUG 75969 --- [Spring] [           main] o.s.c.support.DefaultLifecycleProcessor  : Starting beans in phase 2147483647
2025-03-22T16:18:36.299+08:00 DEBUG 75969 --- [Spring] [           main] o.s.d.r.l.RedisMessageListenerContainer  : Starting RedisMessageListenerContainer...
2025-03-22T16:18:36.300+08:00 DEBUG 75969 --- [Spring] [           main] o.s.d.r.l.RedisMessageListenerContainer  : Postpone listening for Redis messages until actual listeners are added
2025-03-22T16:18:36.300+08:00 DEBUG 75969 --- [Spring] [           main] o.s.c.support.DefaultLifecycleProcessor  : Successfully started bean 'redisKeyValueAdapter'
2025-03-22T16:18:36.327+08:00  INFO 75969 --- [Spring] [           main] c.d.h.S.r.mapper.RoleUrlMapperTest       : Started RoleUrlMapperTest in 6.904 seconds (process running for 8.376)
2025-03-22T16:18:36.372+08:00 DEBUG 75969 --- [Spring] [           main] o.s.b.a.ApplicationAvailabilityBean      : Application availability state LivenessState changed to CORRECT
2025-03-22T16:18:36.377+08:00 DEBUG 75969 --- [Spring] [           main] o.s.b.a.ApplicationAvailabilityBean      : Application availability state ReadinessState changed to ACCEPTING_TRAFFIC
2025-03-22T16:18:36.379+08:00 DEBUG 75969 --- [Spring] [           main] org.springframework.test.context.cache   : Spring test ApplicationContext cache statistics: [DefaultContextCache@3e43fb40 size = 1, maxSize = 32, parentContextCount = 0, hitCount = 0, missCount = 1, failureCount = 0]
2025-03-22T16:18:36.379+08:00 DEBUG 75969 --- [Spring] [           main] o.s.t.c.w.ServletTestExecutionListener   : Setting up MockHttpServletRequest, MockHttpServletResponse, ServletWebRequest, and RequestContextHolder for test class com.david.hlp.Spring.repeater.mapper.RoleUrlMapperTest
2025-03-22T16:18:36.392+08:00 DEBUG 75969 --- [Spring] [           main] DependencyInjectionTestExecutionListener : Performing dependency injection for test class com.david.hlp.Spring.repeater.mapper.RoleUrlMapperTest
2025-03-22T16:18:36.393+08:00 DEBUG 75969 --- [Spring] [           main] org.springframework.test.context.cache   : Spring test ApplicationContext cache statistics: [DefaultContextCache@3e43fb40 size = 1, maxSize = 32, parentContextCount = 0, hitCount = 1, missCount = 1, failureCount = 0]
2025-03-22T16:18:36.411+08:00 DEBUG 75969 --- [Spring] [           main] org.springframework.test.context.cache   : Spring test ApplicationContext cache statistics: [DefaultContextCache@3e43fb40 size = 1, maxSize = 32, parentContextCount = 0, hitCount = 2, missCount = 1, failureCount = 0]
2025-03-22T16:18:36.416+08:00 DEBUG 75969 --- [Spring] [           main] sContextBeforeModesTestExecutionListener : Before test method: class [RoleUrlMapperTest], method [testListAll], class annotated with @DirtiesContext [false] with mode [null], method annotated with @DirtiesContext [false] with mode [null]
2025-03-22T16:18:36.417+08:00 DEBUG 75969 --- [Spring] [           main] org.springframework.test.context.cache   : Spring test ApplicationContext cache statistics: [DefaultContextCache@3e43fb40 size = 1, maxSize = 32, parentContextCount = 0, hitCount = 3, missCount = 1, failureCount = 0]
2025-03-22T16:18:36.418+08:00 DEBUG 75969 --- [Spring] [           main] org.springframework.test.context.cache   : Spring test ApplicationContext cache statistics: [DefaultContextCache@3e43fb40 size = 1, maxSize = 32, parentContextCount = 0, hitCount = 4, missCount = 1, failureCount = 0]
2025-03-22T16:18:36.922+08:00 DEBUG 75969 --- [Spring] [           main] org.springframework.test.context.cache   : Spring test ApplicationContext cache statistics: [DefaultContextCache@3e43fb40 size = 1, maxSize = 32, parentContextCount = 0, hitCount = 5, missCount = 1, failureCount = 0]
2025-03-22T16:18:36.928+08:00 DEBUG 75969 --- [Spring] [           main] org.springframework.test.context.cache   : Spring test ApplicationContext cache statistics: [DefaultContextCache@3e43fb40 size = 1, maxSize = 32, parentContextCount = 0, hitCount = 6, missCount = 1, failureCount = 0]
开始测试...
roleUrlMapper: com.baomidou.mybatisplus.core.override.MybatisMapperProxy@4835e10a
Creating a new SqlSession
SqlSession [org.apache.ibatis.session.defaults.DefaultSqlSession@2461a62c] was not registered for synchronization because synchronization is not active
2025-03-22T16:18:36.946+08:00 DEBUG 75969 --- [Spring] [           main] o.s.jdbc.datasource.DataSourceUtils      : Fetching JDBC Connection from DataSource
JDBC Connection [HikariProxyConnection@985702370 wrapping com.mysql.cj.jdbc.ConnectionImpl@35841d6] will not be managed by Spring
==>  Preparing: SELECT id, project_id, role_name, description FROM role_url
==> Parameters: 
<==    Columns: id, project_id, role_name, description
<==        Row: 1, 1, 测试角色, <<BLOB>>
<==      Total: 1
Closing non transactional SqlSession [org.apache.ibatis.session.defaults.DefaultSqlSession@2461a62c]
查询结果: [RoleUrl(id=1, projectId=1, project=null, roleName=测试角色, description=无, createdAt=null)]
结果数量: 1
结果内容: [RoleUrl(id=1, projectId=1, project=null, roleName=测试角色, description=无, createdAt=null)]
测试结束
2025-03-22T16:18:36.995+08:00 DEBUG 75969 --- [Spring] [           main] org.springframework.test.context.cache   : Spring test ApplicationContext cache statistics: [DefaultContextCache@3e43fb40 size = 1, maxSize = 32, parentContextCount = 0, hitCount = 7, missCount = 1, failureCount = 0]
2025-03-22T16:18:36.997+08:00 DEBUG 75969 --- [Spring] [           main] org.springframework.test.context.cache   : Spring test ApplicationContext cache statistics: [DefaultContextCache@3e43fb40 size = 1, maxSize = 32, parentContextCount = 0, hitCount = 8, missCount = 1, failureCount = 0]
2025-03-22T16:18:36.999+08:00 DEBUG 75969 --- [Spring] [           main] org.springframework.test.context.cache   : Spring test ApplicationContext cache statistics: [DefaultContextCache@3e43fb40 size = 1, maxSize = 32, parentContextCount = 0, hitCount = 9, missCount = 1, failureCount = 0]
2025-03-22T16:18:36.999+08:00 DEBUG 75969 --- [Spring] [           main] org.springframework.test.context.cache   : Spring test ApplicationContext cache statistics: [DefaultContextCache@3e43fb40 size = 1, maxSize = 32, parentContextCount = 0, hitCount = 10, missCount = 1, failureCount = 0]
2025-03-22T16:18:37.000+08:00 DEBUG 75969 --- [Spring] [           main] org.springframework.test.context.cache   : Spring test ApplicationContext cache statistics: [DefaultContextCache@3e43fb40 size = 1, maxSize = 32, parentContextCount = 0, hitCount = 11, missCount = 1, failureCount = 0]
2025-03-22T16:18:37.003+08:00 DEBUG 75969 --- [Spring] [           main] org.springframework.test.context.cache   : Spring test ApplicationContext cache statistics: [DefaultContextCache@3e43fb40 size = 1, maxSize = 32, parentContextCount = 0, hitCount = 12, missCount = 1, failureCount = 0]
2025-03-22T16:18:37.006+08:00 DEBUG 75969 --- [Spring] [           main] org.springframework.test.context.cache   : Spring test ApplicationContext cache statistics: [DefaultContextCache@3e43fb40 size = 1, maxSize = 32, parentContextCount = 0, hitCount = 13, missCount = 1, failureCount = 0]
2025-03-22T16:18:37.007+08:00 DEBUG 75969 --- [Spring] [           main] .c.s.DirtiesContextTestExecutionListener : After test method: class [RoleUrlMapperTest], method [testListAll], class annotated with @DirtiesContext [false] with mode [null], method annotated with @DirtiesContext [false] with mode [null]
2025-03-22T16:18:37.007+08:00 DEBUG 75969 --- [Spring] [           main] o.s.t.c.w.ServletTestExecutionListener   : Resetting RequestContextHolder for test class com.david.hlp.Spring.repeater.mapper.RoleUrlMapperTest
]]></system-out>
  </testcase>
</testsuite>